{"numTotalTestSuites":132,"numPassedTestSuites":132,"numFailedTestSuites":0,"numPendingTestSuites":0,"numTotalTests":637,"numPassedTests":637,"numFailedTests":0,"numPendingTests":0,"numTodoTests":0,"snapshot":{"added":0,"failure":false,"filesAdded":0,"filesRemoved":0,"filesRemovedList":[],"filesUnmatched":0,"filesUpdated":0,"matched":0,"total":0,"unchecked":0,"uncheckedKeysByFile":[],"unmatched":0,"updated":0,"didUpdate":false},"startTime":1789357738942,"success":true,"testResults":[{"assertionResults":[{"ancestorTitles":["architecture boundaries"],"fullName":"architecture boundaries keeps foundation layers pure and dependency-light","status":"passed","title":"keeps foundation layers pure and dependency-light","duration":1871.6989999999996,"failureMessages":[],"meta":{},"tags":[]},{"ancestorTitles":["architecture boundaries"],"fullName":"architecture boundaries keeps feature, adapter, and app layers pointed in the right direction","status":"passed","title":"keeps feature, adapter, and app layers pointed in the right direction","duration":1892.0482000000002,"failureMessages":[],"meta":{},"tags":[]},{"ancestorTitles":["architecture boundaries"],"fullName":"architecture boundaries keeps seed fixtures imported only by adapter seed paths","status":"passed","title":"keeps seed fixtures imported only by adapter seed paths","duration":1821.6053000000002,"failureMessages":[],"meta":{},"tags":[]},{"ancestorTitles":["architecture boundaries"],"fullName":"architecture boundaries keeps retired helper and adapter boundaries from regressing","status":"passed","title":"keeps retired helper and adapter boundaries from regressing","duration":165.4975000000004,"failureMessages":[],"meta":{},"tags":[]}],"startTime":1789357741385,"endTime":1789357747136.4976,"status":"passed","message":"","name":"D:/Workspace/pos-cafe/src/architectureBoundaries.test.ts"},{"assertionResults":[{"ancestorTitles":["demo copy polish"],"fullName":"demo copy polish keeps setup screens free of implementation copy","status":"passed","title":"keeps setup screens free of implementation copy","duration":523.877199999999,"failureMessages":[],"meta":{},"tags":[]},{"ancestorTitles":["demo copy polish"],"fullName":"demo copy polish does not show feature bullets on the landing screen","status":"passed","title":"does not show feature bullets on the landing screen","duration":17.048600000001898,"failureMessages":[],"meta":{},"tags":[]},{"ancestorTitles":["demo copy polish"],"fullName":"demo copy polish keeps the sample Store Key as placeholder copy instead of a submitted value","status":"passed","title":"keeps the sample Store Key as placeholder copy instead of a submitted value","duration":118.87289999999848,"failureMessages":[],"meta":{},"tags":[]},{"ancestorTitles":["demo copy polish"],"fullName":"demo copy polish keeps the future kitchen role out of the employee PIN screen","status":"passed","title":"keeps the future kitchen role out of the employee PIN screen","duration":40.919599999997445,"failureMessages":[],"meta":{},"tags":[]},{"ancestorTitles":["demo copy polish"],"fullName":"demo copy polish keeps order UI free of database and draft wording","status":"passed","title":"keeps order UI free of database and draft wording","duration":70.00409999999829,"failureMessages":[],"meta":{},"tags":[]},{"ancestorTitles":["demo copy polish"],"fullName":"demo copy polish keeps admin drawers free of implementation copy","status":"passed","title":"keeps admin drawers free of implementation copy","duration":166.77700000000186,"failureMessages":[],"meta":{},"tags":[]},{"ancestorTitles":["demo copy polish"],"fullName":"demo copy polish keeps maintenance reset copy user-facing","status":"passed","title":"keeps maintenance reset copy user-facing","duration":555.6525999999976,"failureMessages":[],"meta":{},"tags":[]},{"ancestorTitles":["drawer overlays"],"fullName":"drawer overlays closes the active drawer when the overlay is clicked","status":"passed","title":"closes the active drawer when the overlay is clicked","duration":45.88560000000143,"failureMessages":[],"meta":{},"tags":[]}],"startTime":1789357755018,"endTime":1789357756556.8855,"status":"passed","message":"","name":"D:/Workspace/pos-cafe/src/app/demoCopyPolish.test.tsx"},{"assertionResults":[{"ancestorTitles":["Demo hardening"],"fullName":"Demo hardening does not allow clear-demo while open orders are still being checked","status":"passed","title":"does not allow clear-demo while open orders are still being checked","duration":566.8498,"failureMessages":[],"meta":{},"tags":[]},{"ancestorTitles":["Demo hardening"],"fullName":"Demo hardening keeps clear-demo disabled when open-order check fails and can retry","status":"passed","title":"keeps clear-demo disabled when open-order check fails and can retry","duration":580.0275000000001,"failureMessages":[],"meta":{},"tags":[]},{"ancestorTitles":["Demo hardening"],"fullName":"Demo hardening shows a payment error state instead of a zero-value bill when the order cannot load","status":"passed","title":"shows a payment error state instead of a zero-value bill when the order cannot load","duration":51.52499999999782,"failureMessages":[],"meta":{},"tags":[]},{"ancestorTitles":["Demo hardening"],"fullName":"Demo hardening refetches the payment order after an order conflict","status":"passed","title":"refetches the payment order after an order conflict","duration":225.0635000000002,"failureMessages":[],"meta":{},"tags":[]},{"ancestorTitles":["Demo hardening"],"fullName":"Demo hardening disables payment when the order was already paid on another device","status":"passed","title":"disables payment when the order was already paid on another device","duration":86.4835000000021,"failureMessages":[],"meta":{},"tags":[]},{"ancestorTitles":["Demo hardening"],"fullName":"Demo hardening renders the cashier payment console with balanced payment summary","status":"passed","title":"renders the cashier payment console with balanced payment summary","duration":59.83360000000175,"failureMessages":[],"meta":{},"tags":[]}],"startTime":1789357755040,"endTime":1789357756609.8335,"status":"passed","message":"","name":"D:/Workspace/pos-cafe/src/app/demoHardening.test.tsx"},{"assertionResults":[{"ancestorTitles":["EmployeesDrawer"],"fullName":"EmployeesDrawer keeps the employee directory and editor in a primary-accent split layout","status":"passed","title":"keeps the employee directory and editor in a primary-accent split layout","duration":407.71560000000136,"failureMessages":[],"meta":{},"tags":[]},{"ancestorTitles":["EmployeesDrawer"],"fullName":"EmployeesDrawer creates employees through admin mutations and stores the new PIN","status":"passed","title":"creates employees through admin mutations and stores the new PIN","duration":858.6375999999982,"failureMessages":[],"meta":{},"tags":[]},{"ancestorTitles":["EmployeesDrawer"],"fullName":"EmployeesDrawer deactivates employees through admin mutations without hiding them from admin list","status":"passed","title":"deactivates employees through admin mutations without hiding them from admin list","duration":305.266599999999,"failureMessages":[],"meta":{},"tags":[]},{"ancestorTitles":["EmployeesDrawer"],"fullName":"EmployeesDrawer resets employee PIN from the detail form","status":"passed","title":"resets employee PIN from the detail form","duration":503.41119999999864,"failureMessages":[],"meta":{},"tags":[]},{"ancestorTitles":["EmployeesDrawer"],"fullName":"EmployeesDrawer edits effective permissions and clears redundant overrides","status":"passed","title":"edits effective permissions and clears redundant overrides","duration":415.28220000000147,"failureMessages":[],"meta":{},"tags":[]},{"ancestorTitles":["EmployeesDrawer"],"fullName":"EmployeesDrawer resets permission checkboxes to the selected role defaults","status":"passed","title":"resets permission checkboxes to the selected role defaults","duration":246.6304999999993,"failureMessages":[],"meta":{},"tags":[]},{"ancestorTitles":["EmployeesDrawer"],"fullName":"EmployeesDrawer warns on self-edit and blocks demoting the final active admin","status":"passed","title":"warns on self-edit and blocks demoting the final active admin","duration":259.40369999999893,"failureMessages":[],"meta":{},"tags":[]}],"startTime":1789357754999,"endTime":1789357757995.4038,"status":"passed","message":"","name":"D:/Workspace/pos-cafe/src/app/employeeDrawer.test.tsx"},{"assertionResults":[{"ancestorTitles":["floor decor asset catalog"],"fullName":"floor decor asset catalog indexes every imported wall and decoration asset","status":"passed","title":"indexes every imported wall and decoration asset","duration":35.371000000000095,"failureMessages":[],"meta":{},"tags":[]}],"startTime":1789357743702,"endTime":1789357743737.371,"status":"passed","message":"","name":"D:/Workspace/pos-cafe/src/app/floorDecorAssets.test.ts"},{"assertionResults":[{"ancestorTitles":["FloorEditorDrawer"],"fullName":"FloorEditorDrawer adds wall textures and decoration images from the complete asset picker","status":"passed","title":"adds wall textures and decoration images from the complete asset picker","duration":861.4936000000016,"failureMessages":[],"meta":{},"tags":[]},{"ancestorTitles":["FloorEditorDrawer"],"fullName":"FloorEditorDrawer replaces an existing decor image with another catalog asset","status":"passed","title":"replaces an existing decor image with another catalog asset","duration":412.79279999999926,"failureMessages":[],"meta":{},"tags":[]},{"ancestorTitles":["FloorEditorDrawer"],"fullName":"FloorEditorDrawer selects one of 11 table backgrounds and persists the asset key","status":"passed","title":"selects one of 11 table backgrounds and persists the asset key","duration":428.08220000000074,"failureMessages":[],"meta":{},"tags":[]},{"ancestorTitles":["FloorEditorDrawer"],"fullName":"FloorEditorDrawer saves new tables through floor changesets without table status","status":"passed","title":"saves new tables through floor changesets without table status","duration":183.31490000000122,"failureMessages":[],"meta":{},"tags":[]},{"ancestorTitles":["FloorEditorDrawer"],"fullName":"FloorEditorDrawer saves logical table updates without overwriting status","status":"passed","title":"saves logical table updates without overwriting status","duration":870.2629000000015,"failureMessages":[],"meta":{},"tags":[]},{"ancestorTitles":["FloorEditorDrawer"],"fullName":"FloorEditorDrawer sends tombstones for deleted tables and decor","status":"passed","title":"sends tombstones for deleted tables and decor","duration":560.0869999999995,"failureMessages":[],"meta":{},"tags":[]},{"ancestorTitles":["FloorEditorDrawer"],"fullName":"FloorEditorDrawer shows transform handles only for the selected unlocked floor object","status":"passed","title":"shows transform handles only for the selected unlocked floor object","duration":349.63790000000154,"failureMessages":[],"meta":{},"tags":[]},{"ancestorTitles":["FloorEditorDrawer"],"fullName":"FloorEditorDrawer saves table resize and rotation from selected object handles","status":"passed","title":"saves table resize and rotation from selected object handles","duration":218.82840000000215,"failureMessages":[],"meta":{},"tags":[]},{"ancestorTitles":["FloorEditorDrawer"],"fullName":"FloorEditorDrawer keeps transform handles horizontally below the unrotated object bounds","status":"passed","title":"keeps transform handles horizontally below the unrotated object bounds","duration":154.9242000000013,"failureMessages":[],"meta":{},"tags":[]},{"ancestorTitles":["FloorEditorDrawer"],"fullName":"FloorEditorDrawer saves decor resize and rotation from selected object handles","status":"passed","title":"saves decor resize and rotation from selected object handles","duration":227.9475999999995,"failureMessages":[],"meta":{},"tags":[]},{"ancestorTitles":["FloorEditorDrawer"],"fullName":"FloorEditorDrawer renders table geometry as logical pixels inside the scaled stage","status":"passed","title":"renders table geometry as logical pixels inside the scaled stage","duration":67.4500999999982,"failureMessages":[],"meta":{},"tags":[]},{"ancestorTitles":["FloorEditorDrawer"],"fullName":"FloorEditorDrawer omits manual zoom controls because the stage auto-fits its container","status":"passed","title":"omits manual zoom controls because the stage auto-fits its container","duration":63.29060000000027,"failureMessages":[],"meta":{},"tags":[]}],"startTime":1789357755021,"endTime":1789357759419.2905,"status":"passed","message":"","name":"D:/Workspace/pos-cafe/src/app/floorEditorDrawer.test.tsx"},{"assertionResults":[{"ancestorTitles":["floorStage"],"fullName":"floorStage keeps the existing 1600x900 logical coordinate space","status":"passed","title":"keeps the existing 1600x900 logical coordinate space","duration":1.9960000000000946,"failureMessages":[],"meta":{},"tags":[]},{"ancestorTitles":["floorStage"],"fullName":"floorStage renders logical node geometry as pixels inside the fixed stage","status":"passed","title":"renders logical node geometry as pixels inside the fixed stage","duration":0.7900999999999385,"failureMessages":[],"meta":{},"tags":[]},{"ancestorTitles":["floorStage"],"fullName":"floorStage maps viewport pointer coordinates back to logical stage coordinates","status":"passed","title":"maps viewport pointer coordinates back to logical stage coordinates","duration":0.2320999999999458,"failureMessages":[],"meta":{},"tags":[]}],"startTime":1789357748185,"endTime":1789357748188.2322,"status":"passed","message":"","name":"D:/Workspace/pos-cafe/src/app/floorStage.test.ts"},{"assertionResults":[{"ancestorTitles":["floor table background assets"],"fullName":"floor table background assets exposes the white default and all 11 copied backgrounds","status":"passed","title":"exposes the white default and all 11 copied backgrounds","duration":5.61629999999991,"failureMessages":[],"meta":{},"tags":[]}],"startTime":1789357747575,"endTime":1789357747580.6162,"status":"passed","message":"","name":"D:/Workspace/pos-cafe/src/app/floorTableBackgroundAssets.test.ts"},{"assertionResults":[{"ancestorTitles":["Instant pay selection UI"],"fullName":"Instant pay selection UI defaults to select-all and routes a full payment through payOrder","status":"passed","title":"defaults to select-all and routes a full payment through payOrder","duration":502.46600000000035,"failureMessages":[],"meta":{},"tags":[]},{"ancestorTitles":["Instant pay selection UI"],"fullName":"Instant pay selection UI pays a partial selection and keeps the drawer open on the remaining items","status":"passed","title":"pays a partial selection and keeps the drawer open on the remaining items","duration":555.005000000001,"failureMessages":[],"meta":{},"tags":[]},{"ancestorTitles":["Instant pay selection UI"],"fullName":"Instant pay selection UI soft-gates both payment actions when the employee lacks payment.take","status":"passed","title":"soft-gates both payment actions when the employee lacks payment.take","duration":120.3721000000005,"failureMessages":[],"meta":{},"tags":[]}],"startTime":1789357755040,"endTime":1789357756218.372,"status":"passed","message":"","name":"D:/Workspace/pos-cafe/src/app/instantPay.test.tsx"},{"assertionResults":[{"ancestorTitles":["MenuEditorDrawer"],"fullName":"MenuEditorDrawer saves new menu items through menu changesets","status":"passed","title":"saves new menu items through menu changesets","duration":1088.4319000000014,"failureMessages":[],"meta":{},"tags":[]},{"ancestorTitles":["MenuEditorDrawer"],"fullName":"MenuEditorDrawer sends tombstones for deleted existing categories","status":"passed","title":"sends tombstones for deleted existing categories","duration":517.6705000000002,"failureMessages":[],"meta":{},"tags":[]},{"ancestorTitles":["MenuEditorDrawer"],"fullName":"MenuEditorDrawer uploads a selected item image before saving menu changes","status":"passed","title":"uploads a selected item image before saving menu changes","duration":412.27059999999983,"failureMessages":[],"meta":{},"tags":[]},{"ancestorTitles":["MenuEditorDrawer"],"fullName":"MenuEditorDrawer warns about the menu image size limit and blocks oversized files","status":"passed","title":"warns about the menu image size limit and blocks oversized files","duration":247.28159999999843,"failureMessages":[],"meta":{},"tags":[]},{"ancestorTitles":["MenuEditorDrawer"],"fullName":"MenuEditorDrawer shows sold out treatment on unavailable edit menu cards without status pills","status":"passed","title":"shows sold out treatment on unavailable edit menu cards without status pills","duration":68.3224999999984,"failureMessages":[],"meta":{},"tags":[]},{"ancestorTitles":["MenuEditorDrawer"],"fullName":"MenuEditorDrawer moves a menu item to the selected category from the detail select","status":"passed","title":"moves a menu item to the selected category from the detail select","duration":433.21860000000015,"failureMessages":[],"meta":{},"tags":[]},{"ancestorTitles":["MenuEditorDrawer"],"fullName":"MenuEditorDrawer swaps menu item positions from switch mode","status":"passed","title":"swaps menu item positions from switch mode","duration":621.0311000000002,"failureMessages":[],"meta":{},"tags":[]}],"startTime":1789357755026,"endTime":1789357758415.031,"status":"passed","message":"","name":"D:/Workspace/pos-cafe/src/app/menuEditorDrawer.test.tsx"},{"assertionResults":[{"ancestorTitles":["Order history — void paid order"],"fullName":"Order history — void paid order lets an admin void a paid order through the order port","status":"passed","title":"lets an admin void a paid order through the order port","duration":651.3413,"failureMessages":[],"meta":{},"tags":[]},{"ancestorTitles":["Order history — void paid order"],"fullName":"Order history — void paid order hides the void action from a cashier without the permission","status":"passed","title":"hides the void action from a cashier without the permission","duration":147.02649999999994,"failureMessages":[],"meta":{},"tags":[]},{"ancestorTitles":["Order history — void paid order"],"fullName":"Order history — void paid order disables confirm when reason is other and note is empty","status":"passed","title":"disables confirm when reason is other and note is empty","duration":545.5576000000001,"failureMessages":[],"meta":{},"tags":[]},{"ancestorTitles":["Order history — void paid order"],"fullName":"Order history — void paid order shows who voided the order and disables reprint for a voided order","status":"passed","title":"shows who voided the order and disables reprint for a voided order","duration":97.80099999999948,"failureMessages":[],"meta":{},"tags":[]}],"startTime":1789357755015,"endTime":1789357756456.801,"status":"passed","message":"","name":"D:/Workspace/pos-cafe/src/app/orderHistoryVoid.test.tsx"},{"assertionResults":[{"ancestorTitles":["POS permission soft gates"],"fullName":"POS permission soft gates keeps both create-order actions disabled with a Vietnamese reason","status":"passed","title":"keeps both create-order actions disabled with a Vietnamese reason","duration":427.8070000000007,"failureMessages":[],"meta":{},"tags":[]}],"startTime":1789357755010,"endTime":1789357755437.807,"status":"passed","message":"","name":"D:/Workspace/pos-cafe/src/app/permissionUi.test.tsx"},{"assertionResults":[{"ancestorTitles":["Report and history drawers"],"fullName":"Report and history drawers loads order history through the order history port and fetches selected order detail","status":"passed","title":"loads order history through the order history port and fetches selected order detail","duration":305.27289999999994,"failureMessages":[],"meta":{},"tags":[]},{"ancestorTitles":["Report and history drawers"],"fullName":"Report and history drawers renders unique presentation numbers for repeated daily order numbers and keeps UUID selection","status":"passed","title":"renders unique presentation numbers for repeated daily order numbers and keeps UUID selection","duration":350.3939999999984,"failureMessages":[],"meta":{},"tags":[]},{"ancestorTitles":["Report and history drawers"],"fullName":"Report and history drawers shows paid order payment snapshot in the receipt summary","status":"passed","title":"shows paid order payment snapshot in the receipt summary","duration":140.42589999999836,"failureMessages":[],"meta":{},"tags":[]},{"ancestorTitles":["Report and history drawers"],"fullName":"Report and history drawers keeps open orders out of the order history view","status":"passed","title":"keeps open orders out of the order history view","duration":138.82840000000215,"failureMessages":[],"meta":{},"tags":[]},{"ancestorTitles":["Report and history drawers"],"fullName":"Report and history drawers applies custom order history date ranges to the query payload","status":"passed","title":"applies custom order history date ranges to the query payload","duration":641.744999999999,"failureMessages":[],"meta":{},"tags":[]},{"ancestorTitles":["Report and history drawers"],"fullName":"Report and history drawers loads report metrics through daily core report queries","status":"passed","title":"loads report metrics through daily core report queries","duration":130.3270999999986,"failureMessages":[],"meta":{},"tags":[]},{"ancestorTitles":["Report and history drawers"],"fullName":"Report and history drawers expands 7-day report ranges into daily report calls without changing the port contract","status":"passed","title":"expands 7-day report ranges into daily report calls without changing the port contract","duration":159.40539999999964,"failureMessages":[],"meta":{},"tags":[]}],"startTime":1789357755008,"endTime":1789357756874.4055,"status":"passed","message":"","name":"D:/Workspace/pos-cafe/src/app/reportHistoryDrawer.test.tsx"},{"assertionResults":[{"ancestorTitles":["resolveAppDataMode"],"fullName":"resolveAppDataMode uses explicit mode when provided","status":"passed","title":"uses explicit mode when provided","duration":1.7594000000001415,"failureMessages":[],"meta":{},"tags":[]},{"ancestorTitles":["resolveAppDataMode"],"fullName":"resolveAppDataMode defaults to supabase only when both env values exist","status":"passed","title":"defaults to supabase only when both env values exist","duration":0.21959999999990032,"failureMessages":[],"meta":{},"tags":[]}],"startTime":1789357752213,"endTime":1789357752215.2195,"status":"passed","message":"","name":"D:/Workspace/pos-cafe/src/app/runtimePorts.test.ts"},{"assertionResults":[{"ancestorTitles":["Tailwind UI migration"],"fullName":"Tailwind UI migration PortalDrawer slide animations have matching keyframes","status":"passed","title":"PortalDrawer slide animations have matching keyframes","duration":2.357300000000123,"failureMessages":[],"meta":{},"tags":[]},{"ancestorTitles":["Tailwind UI migration"],"fullName":"Tailwind UI migration production UI writes Tailwind classes inline instead of class constant modules","status":"passed","title":"production UI writes Tailwind classes inline instead of class constant modules","duration":32.42709999999988,"failureMessages":[],"meta":{},"tags":[]},{"ancestorTitles":["Tailwind UI migration"],"fullName":"Tailwind UI migration active state utilities are not appended on top of inactive utilities","status":"passed","title":"active state utilities are not appended on top of inactive utilities","duration":27.684600000000046,"failureMessages":[],"meta":{},"tags":[]},{"ancestorTitles":["Tailwind UI migration"],"fullName":"Tailwind UI migration OrderDrawer does not use legacy semantic CSS class names","status":"passed","title":"OrderDrawer does not use legacy semantic CSS class names","duration":0.6609999999998308,"failureMessages":[],"meta":{},"tags":[]},{"ancestorTitles":["Tailwind UI migration"],"fullName":"Tailwind UI migration OrderDrawer stays small enough to keep flow logic readable","status":"passed","title":"OrderDrawer stays small enough to keep flow logic readable","duration":0.5126999999999953,"failureMessages":[],"meta":{},"tags":[]},{"ancestorTitles":["Tailwind UI migration"],"fullName":"Tailwind UI migration MenuEditorDrawer category and item lists do not use legacy semantic CSS class names","status":"passed","title":"MenuEditorDrawer category and item lists do not use legacy semantic CSS class names","duration":0.5728999999998905,"failureMessages":[],"meta":{},"tags":[]},{"ancestorTitles":["Tailwind UI migration"],"fullName":"Tailwind UI migration MenuEditorDrawer stays small enough to keep draft flow readable","status":"passed","title":"MenuEditorDrawer stays small enough to keep draft flow readable","duration":0.3260999999999967,"failureMessages":[],"meta":{},"tags":[]},{"ancestorTitles":["Tailwind UI migration"],"fullName":"Tailwind UI migration MenuEditorDrawer form and option editor do not use legacy semantic CSS class names","status":"passed","title":"MenuEditorDrawer form and option editor do not use legacy semantic CSS class names","duration":0.47220000000015716,"failureMessages":[],"meta":{},"tags":[]},{"ancestorTitles":["Tailwind UI migration"],"fullName":"Tailwind UI migration MenuEditorDrawer catalog grid does not use legacy semantic CSS class names","status":"passed","title":"MenuEditorDrawer catalog grid does not use legacy semantic CSS class names","duration":0.6816000000001168,"failureMessages":[],"meta":{},"tags":[]},{"ancestorTitles":["Tailwind UI migration"],"fullName":"Tailwind UI migration FloorEditorDrawer shared admin controls do not use legacy semantic CSS class names","status":"passed","title":"FloorEditorDrawer shared admin controls do not use legacy semantic CSS class names","duration":0.4912000000001626,"failureMessages":[],"meta":{},"tags":[]},{"ancestorTitles":["Tailwind UI migration"],"fullName":"Tailwind UI migration PaymentSettingsDrawer shared admin controls do not use legacy semantic CSS class names","status":"passed","title":"PaymentSettingsDrawer shared admin controls do not use legacy semantic CSS class names","duration":3.8623000000000047,"failureMessages":[],"meta":{},"tags":[]},{"ancestorTitles":["Tailwind UI migration"],"fullName":"Tailwind UI migration FloorEditorDrawer stays small enough to keep floor editing flow readable","status":"passed","title":"FloorEditorDrawer stays small enough to keep floor editing flow readable","duration":0.5226999999999862,"failureMessages":[],"meta":{},"tags":[]},{"ancestorTitles":["Tailwind UI migration"],"fullName":"Tailwind UI migration EmployeesDrawer stays small enough to keep employee admin flow readable","status":"passed","title":"EmployeesDrawer stays small enough to keep employee admin flow readable","duration":0.33140000000003056,"failureMessages":[],"meta":{},"tags":[]},{"ancestorTitles":["Tailwind UI migration"],"fullName":"Tailwind UI migration EmployeesDrawer list does not use legacy employee card CSS class names","status":"passed","title":"EmployeesDrawer list does not use legacy employee card CSS class names","duration":0.40609999999992397,"failureMessages":[],"meta":{},"tags":[]},{"ancestorTitles":["Tailwind UI migration"],"fullName":"Tailwind UI migration EmployeeDetailPane does not use legacy cart footer CSS class names","status":"passed","title":"EmployeeDetailPane does not use legacy cart footer CSS class names","duration":0.36449999999990723,"failureMessages":[],"meta":{},"tags":[]},{"ancestorTitles":["Tailwind UI migration"],"fullName":"Tailwind UI migration Admin shared form controls do not use legacy emp CSS class names","status":"passed","title":"Admin shared form controls do not use legacy emp CSS class names","duration":1.4744000000000597,"failureMessages":[],"meta":{},"tags":[]},{"ancestorTitles":["Tailwind UI migration"],"fullName":"Tailwind UI migration Admin forbidden states do not use legacy emp forbidden CSS class names","status":"passed","title":"Admin forbidden states do not use legacy emp forbidden CSS class names","duration":1.3602000000000771,"failureMessages":[],"meta":{},"tags":[]},{"ancestorTitles":["Tailwind UI migration"],"fullName":"Tailwind UI migration Admin detail panes do not use legacy menu and floor layout helper CSS class names","status":"passed","title":"Admin detail panes do not use legacy menu and floor layout helper CSS class names","duration":1.3141000000000531,"failureMessages":[],"meta":{},"tags":[]},{"ancestorTitles":["Tailwind UI migration"],"fullName":"Tailwind UI migration Settings receipt previews do not use legacy set CSS class names","status":"passed","title":"Settings receipt previews do not use legacy set CSS class names","duration":0.9829999999999472,"failureMessages":[],"meta":{},"tags":[]},{"ancestorTitles":["Tailwind UI migration"],"fullName":"Tailwind UI migration GeneralSettingsDrawer clear demo dialog does not use legacy clear demo CSS class names","status":"passed","title":"GeneralSettingsDrawer clear demo dialog does not use legacy clear demo CSS class names","duration":0.4391000000000531,"failureMessages":[],"meta":{},"tags":[]},{"ancestorTitles":["Tailwind UI migration"],"fullName":"Tailwind UI migration PaymentSettingsDrawer does not use legacy pay CSS class names","status":"passed","title":"PaymentSettingsDrawer does not use legacy pay CSS class names","duration":0.6449000000000069,"failureMessages":[],"meta":{},"tags":[]},{"ancestorTitles":["Tailwind UI migration"],"fullName":"Tailwind UI migration Kitchen station tags do not use legacy kitchen station CSS class names","status":"passed","title":"Kitchen station tags do not use legacy kitchen station CSS class names","duration":0.8976999999999862,"failureMessages":[],"meta":{},"tags":[]},{"ancestorTitles":["Tailwind UI migration"],"fullName":"Tailwind UI migration KitchenQueueDrawer does not use legacy kitchen queue CSS class names","status":"passed","title":"KitchenQueueDrawer does not use legacy kitchen queue CSS class names","duration":0.5778000000000247,"failureMessages":[],"meta":{},"tags":[]},{"ancestorTitles":["Tailwind UI migration"],"fullName":"Tailwind UI migration Admin filter counters do not use legacy history filter count CSS class names","status":"passed","title":"Admin filter counters do not use legacy history filter count CSS class names","duration":1.152599999999893,"failureMessages":[],"meta":{},"tags":[]},{"ancestorTitles":["Tailwind UI migration"],"fullName":"Tailwind UI migration History date filters do not use legacy history filter layout CSS class names","status":"passed","title":"History date filters do not use legacy history filter layout CSS class names","duration":0.7806000000000495,"failureMessages":[],"meta":{},"tags":[]},{"ancestorTitles":["Tailwind UI migration"],"fullName":"Tailwind UI migration Order history views do not use legacy history table and card CSS class names","status":"passed","title":"Order history views do not use legacy history table and card CSS class names","duration":1.6848999999999705,"failureMessages":[],"meta":{},"tags":[]},{"ancestorTitles":["Tailwind UI migration"],"fullName":"Tailwind UI migration Admin tab rows do not use legacy floor editor area tab CSS class names","status":"passed","title":"Admin tab rows do not use legacy floor editor area tab CSS class names","duration":1.0538000000001375,"failureMessages":[],"meta":{},"tags":[]},{"ancestorTitles":["Tailwind UI migration"],"fullName":"Tailwind UI migration FloorEditorDrawer toolbar does not use legacy floor toolbar CSS class names","status":"passed","title":"FloorEditorDrawer toolbar does not use legacy floor toolbar CSS class names","duration":0.5207000000000335,"failureMessages":[],"meta":{},"tags":[]},{"ancestorTitles":["Tailwind UI migration"],"fullName":"Tailwind UI migration FloorEditorDrawer canvas does not use legacy floor editor canvas CSS class names","status":"passed","title":"FloorEditorDrawer canvas does not use legacy floor editor canvas CSS class names","duration":0.6394000000000233,"failureMessages":[],"meta":{},"tags":[]},{"ancestorTitles":["Tailwind UI migration"],"fullName":"Tailwind UI migration FloorWorkspace does not use legacy floor workspace CSS class names","status":"passed","title":"FloorWorkspace does not use legacy floor workspace CSS class names","duration":0.617500000000291,"failureMessages":[],"meta":{},"tags":[]},{"ancestorTitles":["Tailwind UI migration"],"fullName":"Tailwind UI migration Report and kitchen detail views do not use legacy report CSS class names","status":"passed","title":"Report and kitchen detail views do not use legacy report CSS class names","duration":1.268999999999778,"failureMessages":[],"meta":{},"tags":[]}],"startTime":1789357741142,"endTime":1789357741229.269,"status":"passed","message":"","name":"D:/Workspace/pos-cafe/src/app/tailwindMigration.test.ts"},{"assertionResults":[{"ancestorTitles":[],"fullName":"TC-IDEM-051/core/history=reprint/stage=order/transition=employee_change/error=EMPLOYEE_SESSION_REQUIRED ignores a delayed failed read","status":"passed","title":"TC-IDEM-051/core/history=reprint/stage=order/transition=employee_change/error=EMPLOYEE_SESSION_REQUIRED ignores a delayed failed read","duration":186.33669999999984,"failureMessages":[],"meta":{},"tags":[]},{"ancestorTitles":[],"fullName":"TC-IDEM-051/core/history=reprint/stage=order/transition=employee_change/error=AUTH_REQUIRED ignores a delayed failed read","status":"passed","title":"TC-IDEM-051/core/history=reprint/stage=order/transition=employee_change/error=AUTH_REQUIRED ignores a delayed failed read","duration":75.07389999999941,"failureMessages":[],"meta":{},"tags":[]},{"ancestorTitles":[],"fullName":"TC-IDEM-051/core/history=reprint/stage=order/transition=offline_online/error=EMPLOYEE_SESSION_REQUIRED ignores a delayed failed read","status":"passed","title":"TC-IDEM-051/core/history=reprint/stage=order/transition=offline_online/error=EMPLOYEE_SESSION_REQUIRED ignores a delayed failed read","duration":94.28939999999966,"failureMessages":[],"meta":{},"tags":[]},{"ancestorTitles":[],"fullName":"TC-IDEM-051/core/history=reprint/stage=order/transition=offline_online/error=AUTH_REQUIRED ignores a delayed failed read","status":"passed","title":"TC-IDEM-051/core/history=reprint/stage=order/transition=offline_online/error=AUTH_REQUIRED ignores a delayed failed read","duration":79.11849999999868,"failureMessages":[],"meta":{},"tags":[]},{"ancestorTitles":[],"fullName":"TC-IDEM-051/core/history=reprint/stage=receipt/transition=employee_change/error=EMPLOYEE_SESSION_REQUIRED ignores a delayed failed read","status":"passed","title":"TC-IDEM-051/core/history=reprint/stage=receipt/transition=employee_change/error=EMPLOYEE_SESSION_REQUIRED ignores a delayed failed read","duration":138.1288999999997,"failureMessages":[],"meta":{},"tags":[]},{"ancestorTitles":[],"fullName":"TC-IDEM-051/core/history=reprint/stage=receipt/transition=employee_change/error=AUTH_REQUIRED ignores a delayed failed read","status":"passed","title":"TC-IDEM-051/core/history=reprint/stage=receipt/transition=employee_change/error=AUTH_REQUIRED ignores a delayed failed read","duration":137.59870000000046,"failureMessages":[],"meta":{},"tags":[]},{"ancestorTitles":[],"fullName":"TC-IDEM-051/core/history=reprint/stage=receipt/transition=offline_online/error=EMPLOYEE_SESSION_REQUIRED ignores a delayed failed read","status":"passed","title":"TC-IDEM-051/core/history=reprint/stage=receipt/transition=offline_online/error=EMPLOYEE_SESSION_REQUIRED ignores a delayed failed read","duration":154.04540000000088,"failureMessages":[],"meta":{},"tags":[]},{"ancestorTitles":[],"fullName":"TC-IDEM-051/core/history=reprint/stage=receipt/transition=offline_online/error=AUTH_REQUIRED ignores a delayed failed read","status":"passed","title":"TC-IDEM-051/core/history=reprint/stage=receipt/transition=offline_online/error=AUTH_REQUIRED ignores a delayed failed read","duration":140.1827000000012,"failureMessages":[],"meta":{},"tags":[]},{"ancestorTitles":[],"fullName":"TC-IDEM-006/core/history=reprint/error=EMPLOYEE_SESSION_REQUIRED handles a current read failure","status":"passed","title":"TC-IDEM-006/core/history=reprint/error=EMPLOYEE_SESSION_REQUIRED handles a current read failure","duration":72.80819999999949,"failureMessages":[],"meta":{},"tags":[]},{"ancestorTitles":[],"fullName":"TC-IDEM-006/core/history=reprint/error=AUTH_REQUIRED handles a current read failure","status":"passed","title":"TC-IDEM-006/core/history=reprint/error=AUTH_REQUIRED handles a current read failure","duration":63.272399999999834,"failureMessages":[],"meta":{},"tags":[]},{"ancestorTitles":[],"fullName":"TC-IDEM-051/core/history=reprint/result=applied opens a preview after a current successful read","status":"passed","title":"TC-IDEM-051/core/history=reprint/result=applied opens a preview after a current successful read","duration":140.20529999999962,"failureMessages":[],"meta":{},"tags":[]},{"ancestorTitles":[],"fullName":"TC-IDEM-053/core/history=void/transition=same_employee/result=EMPLOYEE_SESSION_REQUIRED ignores an obsolete mutation callback","status":"passed","title":"TC-IDEM-053/core/history=void/transition=same_employee/result=EMPLOYEE_SESSION_REQUIRED ignores an obsolete mutation callback","duration":251.78939999999966,"failureMessages":[],"meta":{},"tags":[]},{"ancestorTitles":[],"fullName":"TC-IDEM-053/core/history=void/transition=same_employee/result=AUTH_REQUIRED ignores an obsolete mutation callback","status":"passed","title":"TC-IDEM-053/core/history=void/transition=same_employee/result=AUTH_REQUIRED ignores an obsolete mutation callback","duration":214.3714999999993,"failureMessages":[],"meta":{},"tags":[]},{"ancestorTitles":[],"fullName":"TC-IDEM-053/core/history=void/transition=same_employee/result=applied ignores an obsolete mutation callback","status":"passed","title":"TC-IDEM-053/core/history=void/transition=same_employee/result=applied ignores an obsolete mutation callback","duration":184.34720000000016,"failureMessages":[],"meta":{},"tags":[]},{"ancestorTitles":[],"fullName":"TC-IDEM-054/core/history=void/transition=offline_online/result=EMPLOYEE_SESSION_REQUIRED ignores an obsolete mutation callback","status":"passed","title":"TC-IDEM-054/core/history=void/transition=offline_online/result=EMPLOYEE_SESSION_REQUIRED ignores an obsolete mutation callback","duration":199.78320000000167,"failureMessages":[],"meta":{},"tags":[]},{"ancestorTitles":[],"fullName":"TC-IDEM-054/core/history=void/transition=offline_online/result=AUTH_REQUIRED ignores an obsolete mutation callback","status":"passed","title":"TC-IDEM-054/core/history=void/transition=offline_online/result=AUTH_REQUIRED ignores an obsolete mutation callback","duration":214.77660000000105,"failureMessages":[],"meta":{},"tags":[]},{"ancestorTitles":[],"fullName":"TC-IDEM-054/core/history=void/transition=offline_online/result=applied ignores an obsolete mutation callback","status":"passed","title":"TC-IDEM-054/core/history=void/transition=offline_online/result=applied ignores an obsolete mutation callback","duration":184.83559999999852,"failureMessages":[],"meta":{},"tags":[]},{"ancestorTitles":[],"fullName":"TC-IDEM-006/core/history=void/error=EMPLOYEE_SESSION_REQUIRED keeps current error feedback and refetch","status":"passed","title":"TC-IDEM-006/core/history=void/error=EMPLOYEE_SESSION_REQUIRED keeps current error feedback and refetch","duration":114.79899999999907,"failureMessages":[],"meta":{},"tags":[]},{"ancestorTitles":[],"fullName":"TC-IDEM-006/core/history=void/error=AUTH_REQUIRED keeps current error feedback and refetch","status":"passed","title":"TC-IDEM-006/core/history=void/error=AUTH_REQUIRED keeps current error feedback and refetch","duration":112.46970000000147,"failureMessages":[],"meta":{},"tags":[]},{"ancestorTitles":[],"fullName":"TC-IDEM-051/core/history=void/result=applied retains current success feedback","status":"passed","title":"TC-IDEM-051/core/history=void/result=applied retains current success feedback","duration":98.40620000000126,"failureMessages":[],"meta":{},"tags":[]},{"ancestorTitles":[],"fullName":"TC-IDEM-053/core/history=void/transition=reopen_confirmation/result=late_error preserves a newer confirmation read's busy state","status":"passed","title":"TC-IDEM-053/core/history=void/transition=reopen_confirmation/result=late_error preserves a newer confirmation read's busy state","duration":222.70000000000073,"failureMessages":[],"meta":{},"tags":[]}],"startTime":1789357753794,"endTime":1789357756873.7,"status":"passed","message":"","name":"D:/Workspace/pos-cafe/src/app/writeHistoryLifetime.test.tsx"},{"assertionResults":[{"ancestorTitles":[],"fullName":"TC-IDEM-053/core/initial=submit/transition=same_employee/error=EMPLOYEE_SESSION_REQUIRED preserves the current lifetime after a late authentication error","status":"passed","title":"TC-IDEM-053/core/initial=submit/transition=same_employee/error=EMPLOYEE_SESSION_REQUIRED preserves the current lifetime after a late authentication error","duration":336.8660999999993,"failureMessages":[],"meta":{},"tags":[]},{"ancestorTitles":[],"fullName":"TC-IDEM-053/core/initial=submit/transition=same_employee/error=AUTH_REQUIRED preserves the current lifetime after a late authentication error","status":"passed","title":"TC-IDEM-053/core/initial=submit/transition=same_employee/error=AUTH_REQUIRED preserves the current lifetime after a late authentication error","duration":155.97680000000037,"failureMessages":[],"meta":{},"tags":[]},{"ancestorTitles":[],"fullName":"TC-IDEM-054/core/initial=submit/transition=offline_online/error=EMPLOYEE_SESSION_REQUIRED preserves the current lifetime after a late authentication error","status":"passed","title":"TC-IDEM-054/core/initial=submit/transition=offline_online/error=EMPLOYEE_SESSION_REQUIRED preserves the current lifetime after a late authentication error","duration":191.11399999999958,"failureMessages":[],"meta":{},"tags":[]},{"ancestorTitles":[],"fullName":"TC-IDEM-054/core/initial=submit/transition=offline_online/error=AUTH_REQUIRED preserves the current lifetime after a late authentication error","status":"passed","title":"TC-IDEM-054/core/initial=submit/transition=offline_online/error=AUTH_REQUIRED preserves the current lifetime after a late authentication error","duration":168.07619999999952,"failureMessages":[],"meta":{},"tags":[]},{"ancestorTitles":[],"fullName":"TC-IDEM-006/core/initial=submit/error=EMPLOYEE_SESSION_REQUIRED still signs out on a current authentication error","status":"passed","title":"TC-IDEM-006/core/initial=submit/error=EMPLOYEE_SESSION_REQUIRED still signs out on a current authentication error","duration":90.87189999999828,"failureMessages":[],"meta":{},"tags":[]},{"ancestorTitles":[],"fullName":"TC-IDEM-006/core/initial=submit/error=AUTH_REQUIRED still signs out on a current authentication error","status":"passed","title":"TC-IDEM-006/core/initial=submit/error=AUTH_REQUIRED still signs out on a current authentication error","duration":92.08150000000023,"failureMessages":[],"meta":{},"tags":[]},{"ancestorTitles":[],"fullName":"TC-IDEM-053/core/initial=submit/transition=same_employee/result=applied ignores an ACK from an old lifetime","status":"passed","title":"TC-IDEM-053/core/initial=submit/transition=same_employee/result=applied ignores an ACK from an old lifetime","duration":150.7543000000005,"failureMessages":[],"meta":{},"tags":[]},{"ancestorTitles":[],"fullName":"TC-IDEM-054/core/initial=submit/transition=offline_online/result=applied ignores an ACK from an old lifetime","status":"passed","title":"TC-IDEM-054/core/initial=submit/transition=offline_online/result=applied ignores an ACK from an old lifetime","duration":162.03079999999864,"failureMessages":[],"meta":{},"tags":[]},{"ancestorTitles":[],"fullName":"TC-IDEM-051/core/initial=submit/result=applied opens the initial kitchen preview once","status":"passed","title":"TC-IDEM-051/core/initial=submit/result=applied opens the initial kitchen preview once","duration":96.95730000000003,"failureMessages":[],"meta":{},"tags":[]}],"startTime":1789357753774,"endTime":1789357755218.9573,"status":"passed","message":"","name":"D:/Workspace/pos-cafe/src/app/writeInitialSubmitLifetime.test.tsx"},{"assertionResults":[{"ancestorTitles":[],"fullName":"TC-IDEM-053/core/payment=pay/transition=same_employee/error=AUTH_REQUIRED ignores a rejected response from the previous payment lifetime","status":"passed","title":"TC-IDEM-053/core/payment=pay/transition=same_employee/error=AUTH_REQUIRED ignores a rejected response from the previous payment lifetime","duration":319.6304,"failureMessages":[],"meta":{},"tags":[]},{"ancestorTitles":[],"fullName":"TC-IDEM-053/core/payment=pay/transition=same_employee/error=EMPLOYEE_SESSION_REQUIRED ignores a rejected response from the previous payment lifetime","status":"passed","title":"TC-IDEM-053/core/payment=pay/transition=same_employee/error=EMPLOYEE_SESSION_REQUIRED ignores a rejected response from the previous payment lifetime","duration":171.67219999999907,"failureMessages":[],"meta":{},"tags":[]},{"ancestorTitles":[],"fullName":"TC-IDEM-054/core/payment=pay/transition=offline_online/error=AUTH_REQUIRED ignores a rejected response from the previous payment lifetime","status":"passed","title":"TC-IDEM-054/core/payment=pay/transition=offline_online/error=AUTH_REQUIRED ignores a rejected response from the previous payment lifetime","duration":189.3150999999998,"failureMessages":[],"meta":{},"tags":[]},{"ancestorTitles":[],"fullName":"TC-IDEM-054/core/payment=pay/transition=offline_online/error=EMPLOYEE_SESSION_REQUIRED ignores a rejected response from the previous payment lifetime","status":"passed","title":"TC-IDEM-054/core/payment=pay/transition=offline_online/error=EMPLOYEE_SESSION_REQUIRED ignores a rejected response from the previous payment lifetime","duration":168.19909999999982,"failureMessages":[],"meta":{},"tags":[]},{"ancestorTitles":[],"fullName":"TC-IDEM-053/core/payment=pay/transition=same_employee/response=applied keeps one business effect and no late payment UI effect","status":"passed","title":"TC-IDEM-053/core/payment=pay/transition=same_employee/response=applied keeps one business effect and no late payment UI effect","duration":158.01209999999992,"failureMessages":[],"meta":{},"tags":[]},{"ancestorTitles":[],"fullName":"TC-IDEM-054/core/payment=pay/transition=offline_online/response=applied keeps one business effect and no late payment UI effect","status":"passed","title":"TC-IDEM-054/core/payment=pay/transition=offline_online/response=applied keeps one business effect and no late payment UI effect","duration":183.70980000000054,"failureMessages":[],"meta":{},"tags":[]},{"ancestorTitles":[],"fullName":"TC-IDEM-006/core/payment=pay/error=AUTH_REQUIRED still handles a current payment authentication rejection","status":"passed","title":"TC-IDEM-006/core/payment=pay/error=AUTH_REQUIRED still handles a current payment authentication rejection","duration":89.53939999999966,"failureMessages":[],"meta":{},"tags":[]},{"ancestorTitles":[],"fullName":"TC-IDEM-006/core/payment=pay/error=EMPLOYEE_SESSION_REQUIRED still handles a current payment authentication rejection","status":"passed","title":"TC-IDEM-006/core/payment=pay/error=EMPLOYEE_SESSION_REQUIRED still handles a current payment authentication rejection","duration":110.06750000000102,"failureMessages":[],"meta":{},"tags":[]},{"ancestorTitles":[],"fullName":"TC-IDEM-051/core/payment=pay/response=current_applied keeps deliberate payment success and receipt preview","status":"passed","title":"TC-IDEM-051/core/payment=pay/response=current_applied keeps deliberate payment success and receipt preview","duration":94.38709999999992,"failureMessages":[],"meta":{},"tags":[]},{"ancestorTitles":[],"fullName":"TC-IDEM-053/core/payment=split/transition=same_employee/error=AUTH_REQUIRED ignores a rejected response from the previous payment lifetime","status":"passed","title":"TC-IDEM-053/core/payment=split/transition=same_employee/error=AUTH_REQUIRED ignores a rejected response from the previous payment lifetime","duration":192.54210000000057,"failureMessages":[],"meta":{},"tags":[]},{"ancestorTitles":[],"fullName":"TC-IDEM-053/core/payment=split/transition=same_employee/error=EMPLOYEE_SESSION_REQUIRED ignores a rejected response from the previous payment lifetime","status":"passed","title":"TC-IDEM-053/core/payment=split/transition=same_employee/error=EMPLOYEE_SESSION_REQUIRED ignores a rejected response from the previous payment lifetime","duration":198.48309999999765,"failureMessages":[],"meta":{},"tags":[]},{"ancestorTitles":[],"fullName":"TC-IDEM-054/core/payment=split/transition=offline_online/error=AUTH_REQUIRED ignores a rejected response from the previous payment lifetime","status":"passed","title":"TC-IDEM-054/core/payment=split/transition=offline_online/error=AUTH_REQUIRED ignores a rejected response from the previous payment lifetime","duration":195.30619999999908,"failureMessages":[],"meta":{},"tags":[]},{"ancestorTitles":[],"fullName":"TC-IDEM-054/core/payment=split/transition=offline_online/error=EMPLOYEE_SESSION_REQUIRED ignores a rejected response from the previous payment lifetime","status":"passed","title":"TC-IDEM-054/core/payment=split/transition=offline_online/error=EMPLOYEE_SESSION_REQUIRED ignores a rejected response from the previous payment lifetime","duration":197.65610000000015,"failureMessages":[],"meta":{},"tags":[]},{"ancestorTitles":[],"fullName":"TC-IDEM-053/core/payment=split/transition=same_employee/response=applied keeps one business effect and no late payment UI effect","status":"passed","title":"TC-IDEM-053/core/payment=split/transition=same_employee/response=applied keeps one business effect and no late payment UI effect","duration":166.80679999999847,"failureMessages":[],"meta":{},"tags":[]},{"ancestorTitles":[],"fullName":"TC-IDEM-054/core/payment=split/transition=offline_online/response=applied keeps one business effect and no late payment UI effect","status":"passed","title":"TC-IDEM-054/core/payment=split/transition=offline_online/response=applied keeps one business effect and no late payment UI effect","duration":203.94810000000143,"failureMessages":[],"meta":{},"tags":[]},{"ancestorTitles":[],"fullName":"TC-IDEM-006/core/payment=split/error=AUTH_REQUIRED still handles a current payment authentication rejection","status":"passed","title":"TC-IDEM-006/core/payment=split/error=AUTH_REQUIRED still handles a current payment authentication rejection","duration":104.53859999999986,"failureMessages":[],"meta":{},"tags":[]},{"ancestorTitles":[],"fullName":"TC-IDEM-006/core/payment=split/error=EMPLOYEE_SESSION_REQUIRED still handles a current payment authentication rejection","status":"passed","title":"TC-IDEM-006/core/payment=split/error=EMPLOYEE_SESSION_REQUIRED still handles a current payment authentication rejection","duration":121.31790000000183,"failureMessages":[],"meta":{},"tags":[]},{"ancestorTitles":[],"fullName":"TC-IDEM-051/core/payment=split/response=current_applied keeps deliberate payment success and receipt preview","status":"passed","title":"TC-IDEM-051/core/payment=split/response=current_applied keeps deliberate payment success and receipt preview","duration":119.95869999999923,"failureMessages":[],"meta":{},"tags":[]}],"startTime":1789357753793,"endTime":1789357756777.9587,"status":"passed","message":"","name":"D:/Workspace/pos-cafe/src/app/writePaymentLifetime.test.tsx"},{"assertionResults":[{"ancestorTitles":["server operation recovery UI (memory adapter only)"],"fullName":"server operation recovery UI (memory adapter only) TC-IDEM-055/ui-memory-adapter independently lists stored K1/K2 and keeps historical source 120k separate from current 90k","status":"passed","title":"TC-IDEM-055/ui-memory-adapter independently lists stored K1/K2 and keeps historical source 120k separate from current 90k","duration":372.3104999999996,"failureMessages":[],"meta":{},"tags":[]},{"ancestorTitles":["server operation recovery UI (memory adapter only)"],"fullName":"server operation recovery UI (memory adapter only) TC-IDEM-059/ui-memory-adapter cancels only the selected pending operation and leaves the open order intact","status":"passed","title":"TC-IDEM-059/ui-memory-adapter cancels only the selected pending operation and leaves the open order intact","duration":119.35260000000017,"failureMessages":[],"meta":{},"tags":[]},{"ancestorTitles":["reviewing changed drafts"],"fullName":"reviewing changed drafts TC-IDEM-089/core regression seams: dirty-exit, empty selection, provisional total and pay-then-void current version","status":"passed","title":"TC-IDEM-089/core regression seams: dirty-exit, empty selection, provisional total and pay-then-void current version","duration":246.01939999999922,"failureMessages":[],"meta":{},"tags":[]},{"ancestorTitles":["reviewing changed drafts"],"fullName":"reviewing changed drafts TC-IDEM-027/ui preserves a dirty source draft on polling until explicitly discarded","status":"passed","title":"TC-IDEM-027/ui preserves a dirty source draft on polling until explicitly discarded","duration":3.658899999998539,"failureMessages":[],"meta":{},"tags":[]},{"ancestorTitles":["reviewing changed drafts"],"fullName":"reviewing changed drafts TC-IDEM-034/ui reviewing new prices changes only unsent portions and still requires a separate submit","status":"passed","title":"TC-IDEM-034/ui reviewing new prices changes only unsent portions and still requires a separate submit","duration":11.598900000000867,"failureMessages":[],"meta":{},"tags":[]},{"ancestorTitles":["reviewing changed drafts"],"fullName":"reviewing changed drafts TC-IDEM-053/ui lifecycle invalidates a delayed register when the drawer closes, and locking revokes the session","status":"passed","title":"TC-IDEM-053/ui lifecycle invalidates a delayed register when the drawer closes, and locking revokes the session","duration":79.29969999999958,"failureMessages":[],"meta":{},"tags":[]}],"startTime":1789357753809,"endTime":1789357754641.2998,"status":"passed","message":"","name":"D:/Workspace/pos-cafe/src/app/writeRecovery.test.tsx"},{"assertionResults":[{"ancestorTitles":[],"fullName":"TC-IDEM-006/core/cache=different_employee a denied employee cannot inherit A's list or detail","status":"passed","title":"TC-IDEM-006/core/cache=different_employee a denied employee cannot inherit A's list or detail","duration":333.8706000000002,"failureMessages":[],"meta":{},"tags":[]},{"ancestorTitles":[],"fullName":"TC-IDEM-006/core/cache=same_employee a new login by the same employee cannot reuse an earlier session","status":"passed","title":"TC-IDEM-006/core/cache=same_employee a new login by the same employee cannot reuse an earlier session","duration":109.95939999999973,"failureMessages":[],"meta":{},"tags":[]},{"ancestorTitles":[],"fullName":"TC-IDEM-006/core/cache=store_change a different store cannot display the earlier store's recovery data","status":"passed","title":"TC-IDEM-006/core/cache=store_change a different store cannot display the earlier store's recovery data","duration":126.40309999999954,"failureMessages":[],"meta":{},"tags":[]},{"ancestorTitles":[],"fullName":"TC-IDEM-006/core/cache=late_response a completed read from A cannot repopulate cache after the session changes","status":"passed","title":"TC-IDEM-006/core/cache=late_response a completed read from A cannot repopulate cache after the session changes","duration":92.54320000000007,"failureMessages":[],"meta":{},"tags":[]},{"ancestorTitles":[],"fullName":"TC-IDEM-006/core/cache=late_reprint/transition=employee_change a delayed receipt cannot bypass lost recovery access","status":"passed","title":"TC-IDEM-006/core/cache=late_reprint/transition=employee_change a delayed receipt cannot bypass lost recovery access","duration":126.00410000000011,"failureMessages":[],"meta":{},"tags":[]},{"ancestorTitles":[],"fullName":"TC-IDEM-006/core/cache=late_reprint/transition=permission_denied a delayed receipt cannot bypass lost recovery access","status":"passed","title":"TC-IDEM-006/core/cache=late_reprint/transition=permission_denied a delayed receipt cannot bypass lost recovery access","duration":88.04000000000087,"failureMessages":[],"meta":{},"tags":[]},{"ancestorTitles":[],"fullName":"TC-IDEM-006/core/cache=list_denied/error=FORBIDDEN clears sensitive data and permits an explicit fresh authorized read","status":"passed","title":"TC-IDEM-006/core/cache=list_denied/error=FORBIDDEN clears sensitive data and permits an explicit fresh authorized read","duration":211.0641999999989,"failureMessages":[],"meta":{},"tags":[]},{"ancestorTitles":[],"fullName":"TC-IDEM-006/core/cache=list_denied/error=AUTH_REQUIRED clears sensitive data and permits an explicit fresh authorized read","status":"passed","title":"TC-IDEM-006/core/cache=list_denied/error=AUTH_REQUIRED clears sensitive data and permits an explicit fresh authorized read","duration":137.96980000000076,"failureMessages":[],"meta":{},"tags":[]},{"ancestorTitles":[],"fullName":"TC-IDEM-006/core/cache=list_denied/error=EMPLOYEE_SESSION_REQUIRED clears sensitive data and permits an explicit fresh authorized read","status":"passed","title":"TC-IDEM-006/core/cache=list_denied/error=EMPLOYEE_SESSION_REQUIRED clears sensitive data and permits an explicit fresh authorized read","duration":134.92799999999988,"failureMessages":[],"meta":{},"tags":[]},{"ancestorTitles":[],"fullName":"TC-IDEM-006/core/cache=detail_denied/error=FORBIDDEN clears sensitive data and permits an explicit fresh authorized read","status":"passed","title":"TC-IDEM-006/core/cache=detail_denied/error=FORBIDDEN clears sensitive data and permits an explicit fresh authorized read","duration":132.63990000000013,"failureMessages":[],"meta":{},"tags":[]},{"ancestorTitles":[],"fullName":"TC-IDEM-006/core/cache=detail_denied/error=AUTH_REQUIRED clears sensitive data and permits an explicit fresh authorized read","status":"passed","title":"TC-IDEM-006/core/cache=detail_denied/error=AUTH_REQUIRED clears sensitive data and permits an explicit fresh authorized read","duration":153.60020000000077,"failureMessages":[],"meta":{},"tags":[]},{"ancestorTitles":[],"fullName":"TC-IDEM-006/core/cache=detail_denied/error=EMPLOYEE_SESSION_REQUIRED clears sensitive data and permits an explicit fresh authorized read","status":"passed","title":"TC-IDEM-006/core/cache=detail_denied/error=EMPLOYEE_SESSION_REQUIRED clears sensitive data and permits an explicit fresh authorized read","duration":139.91879999999946,"failureMessages":[],"meta":{},"tags":[]}],"startTime":1789357753640,"endTime":1789357755426.9187,"status":"passed","message":"","name":"D:/Workspace/pos-cafe/src/app/writeRecoveryAccess.test.tsx"},{"assertionResults":[{"ancestorTitles":[],"fullName":"TC-IDEM-053/core/recovery=resume/transition=employee_change/error=EMPLOYEE_SESSION_REQUIRED keeps late errors inside the old lifetime","status":"passed","title":"TC-IDEM-053/core/recovery=resume/transition=employee_change/error=EMPLOYEE_SESSION_REQUIRED keeps late errors inside the old lifetime","duration":294.0050999999985,"failureMessages":[],"meta":{},"tags":[]},{"ancestorTitles":[],"fullName":"TC-IDEM-053/core/recovery=resume/transition=employee_change/error=AUTH_REQUIRED keeps late errors inside the old lifetime","status":"passed","title":"TC-IDEM-053/core/recovery=resume/transition=employee_change/error=AUTH_REQUIRED keeps late errors inside the old lifetime","duration":182.51679999999942,"failureMessages":[],"meta":{},"tags":[]},{"ancestorTitles":[],"fullName":"TC-IDEM-053/core/recovery=resume/transition=close_reopen/error=EMPLOYEE_SESSION_REQUIRED keeps late errors inside the old lifetime","status":"passed","title":"TC-IDEM-053/core/recovery=resume/transition=close_reopen/error=EMPLOYEE_SESSION_REQUIRED keeps late errors inside the old lifetime","duration":189.71379999999954,"failureMessages":[],"meta":{},"tags":[]},{"ancestorTitles":[],"fullName":"TC-IDEM-054/core/recovery=resume/transition=offline_online/error=EMPLOYEE_SESSION_REQUIRED keeps late errors inside the old lifetime","status":"passed","title":"TC-IDEM-054/core/recovery=resume/transition=offline_online/error=EMPLOYEE_SESSION_REQUIRED keeps late errors inside the old lifetime","duration":185.55090000000018,"failureMessages":[],"meta":{},"tags":[]},{"ancestorTitles":[],"fullName":"TC-IDEM-006/core/recovery=resume/error=EMPLOYEE_SESSION_REQUIRED handles an authentication error from the current lifetime","status":"passed","title":"TC-IDEM-006/core/recovery=resume/error=EMPLOYEE_SESSION_REQUIRED handles an authentication error from the current lifetime","duration":92.01970000000074,"failureMessages":[],"meta":{},"tags":[]},{"ancestorTitles":[],"fullName":"TC-IDEM-006/core/recovery=resume/error=AUTH_REQUIRED handles an authentication error from the current lifetime","status":"passed","title":"TC-IDEM-006/core/recovery=resume/error=AUTH_REQUIRED handles an authentication error from the current lifetime","duration":87.4997999999996,"failureMessages":[],"meta":{},"tags":[]},{"ancestorTitles":[],"fullName":"TC-IDEM-053/core/recovery=cancel/transition=employee_change/error=EMPLOYEE_SESSION_REQUIRED keeps late errors inside the old lifetime","status":"passed","title":"TC-IDEM-053/core/recovery=cancel/transition=employee_change/error=EMPLOYEE_SESSION_REQUIRED keeps late errors inside the old lifetime","duration":109.88810000000012,"failureMessages":[],"meta":{},"tags":[]},{"ancestorTitles":[],"fullName":"TC-IDEM-053/core/recovery=cancel/transition=employee_change/error=AUTH_REQUIRED keeps late errors inside the old lifetime","status":"passed","title":"TC-IDEM-053/core/recovery=cancel/transition=employee_change/error=AUTH_REQUIRED keeps late errors inside the old lifetime","duration":109.14170000000013,"failureMessages":[],"meta":{},"tags":[]},{"ancestorTitles":[],"fullName":"TC-IDEM-053/core/recovery=cancel/transition=close_reopen/error=EMPLOYEE_SESSION_REQUIRED keeps late errors inside the old lifetime","status":"passed","title":"TC-IDEM-053/core/recovery=cancel/transition=close_reopen/error=EMPLOYEE_SESSION_REQUIRED keeps late errors inside the old lifetime","duration":109.98180000000139,"failureMessages":[],"meta":{},"tags":[]},{"ancestorTitles":[],"fullName":"TC-IDEM-054/core/recovery=cancel/transition=offline_online/error=EMPLOYEE_SESSION_REQUIRED keeps late errors inside the old lifetime","status":"passed","title":"TC-IDEM-054/core/recovery=cancel/transition=offline_online/error=EMPLOYEE_SESSION_REQUIRED keeps late errors inside the old lifetime","duration":92.76249999999891,"failureMessages":[],"meta":{},"tags":[]},{"ancestorTitles":[],"fullName":"TC-IDEM-006/core/recovery=cancel/error=EMPLOYEE_SESSION_REQUIRED handles an authentication error from the current lifetime","status":"passed","title":"TC-IDEM-006/core/recovery=cancel/error=EMPLOYEE_SESSION_REQUIRED handles an authentication error from the current lifetime","duration":92.1823000000004,"failureMessages":[],"meta":{},"tags":[]},{"ancestorTitles":[],"fullName":"TC-IDEM-006/core/recovery=cancel/error=AUTH_REQUIRED handles an authentication error from the current lifetime","status":"passed","title":"TC-IDEM-006/core/recovery=cancel/error=AUTH_REQUIRED handles an authentication error from the current lifetime","duration":97.70590000000084,"failureMessages":[],"meta":{},"tags":[]}],"startTime":1789357753543,"endTime":1789357755185.7058,"status":"passed","message":"","name":"D:/Workspace/pos-cafe/src/app/writeRecoveryActionLifetime.test.tsx"},{"assertionResults":[{"ancestorTitles":[],"fullName":"TC-IDEM-052/core/draft=pending retry consumes the confirmed draft without a second registration or preview","status":"passed","title":"TC-IDEM-052/core/draft=pending retry consumes the confirmed draft without a second registration or preview","duration":714.9152999999988,"failureMessages":[],"meta":{},"tags":[]},{"ancestorTitles":[],"fullName":"TC-IDEM-052/core/draft=committed retry consumes the confirmed draft without a second registration or preview","status":"passed","title":"TC-IDEM-052/core/draft=committed retry consumes the confirmed draft without a second registration or preview","duration":455.40700000000106,"failureMessages":[],"meta":{},"tags":[]},{"ancestorTitles":[],"fullName":"TC-IDEM-052/core/draft=late_retry a response after leaving cannot consume another draft","status":"passed","title":"TC-IDEM-052/core/draft=late_retry a response after leaving cannot consume another draft","duration":433.01929999999993,"failureMessages":[],"meta":{},"tags":[]}],"startTime":1789357753775,"endTime":1789357755379.0193,"status":"passed","message":"","name":"D:/Workspace/pos-cafe/src/app/writeRetryDraft.test.tsx"},{"assertionResults":[{"ancestorTitles":["review: navigation and asynchronous reads"],"fullName":"review: navigation and asynchronous reads unsent draft requires explicit discard for sidebar navigation, online=true","status":"passed","title":"unsent draft requires explicit discard for sidebar navigation, online=true","duration":493.8642,"failureMessages":[],"meta":{},"tags":[]},{"ancestorTitles":["review: navigation and asynchronous reads"],"fullName":"review: navigation and asynchronous reads unsent draft requires explicit discard for sidebar navigation, online=false","status":"passed","title":"unsent draft requires explicit discard for sidebar navigation, online=false","duration":293.1813000000002,"failureMessages":[],"meta":{},"tags":[]},{"ancestorTitles":["review: navigation and asynchronous reads"],"fullName":"review: navigation and asynchronous reads locking clears an unsent draft and revokes credentials without a discard prompt","status":"passed","title":"locking clears an unsent draft and revokes credentials without a discard prompt","duration":42.48370000000068,"failureMessages":[],"meta":{},"tags":[]},{"ancestorTitles":["review: navigation and asynchronous reads"],"fullName":"review: navigation and asynchronous reads late read before void confirmation cannot survive close","status":"passed","title":"late read before void confirmation cannot survive close","duration":93.21999999999935,"failureMessages":[],"meta":{},"tags":[]},{"ancestorTitles":["review: navigation and asynchronous reads"],"fullName":"review: navigation and asynchronous reads late read before void confirmation cannot survive lock","status":"passed","title":"late read before void confirmation cannot survive lock","duration":77.02200000000084,"failureMessages":[],"meta":{},"tags":[]},{"ancestorTitles":["review: navigation and asynchronous reads"],"fullName":"review: navigation and asynchronous reads late read before void confirmation cannot survive offline","status":"passed","title":"late read before void confirmation cannot survive offline","duration":91.96699999999873,"failureMessages":[],"meta":{},"tags":[]},{"ancestorTitles":["review: navigation and asynchronous reads"],"fullName":"review: navigation and asynchronous reads late read before void confirmation cannot survive leave_and_return","status":"passed","title":"late read before void confirmation cannot survive leave_and_return","duration":69.34490000000005,"failureMessages":[],"meta":{},"tags":[]},{"ancestorTitles":["review: navigation and asynchronous reads"],"fullName":"review: navigation and asynchronous reads manual retry button replays the original frozen command and never previews or prints","status":"passed","title":"manual retry button replays the original frozen command and never previews or prints","duration":103.16790000000037,"failureMessages":[],"meta":{},"tags":[]},{"ancestorTitles":["review: current modifier constraints"],"fullName":"review: current modifier constraints retained plus rejects unlinked configuration without changing the old portion","status":"passed","title":"retained plus rejects unlinked configuration without changing the old portion","duration":2.5715000000000146,"failureMessages":[],"meta":{},"tags":[]},{"ancestorTitles":["review: current modifier constraints"],"fullName":"review: current modifier constraints retained plus rejects required configuration without changing the old portion","status":"passed","title":"retained plus rejects required configuration without changing the old portion","duration":1.2442000000010012,"failureMessages":[],"meta":{},"tags":[]},{"ancestorTitles":["review: current modifier constraints"],"fullName":"review: current modifier constraints retained plus rejects single configuration without changing the old portion","status":"passed","title":"retained plus rejects single configuration without changing the old portion","duration":0.9138999999995576,"failureMessages":[],"meta":{},"tags":[]}],"startTime":1789357753857,"endTime":1789357755126.9138,"status":"passed","message":"","name":"D:/Workspace/pos-cafe/src/app/writeReviewRegressions.test.tsx"},{"assertionResults":[{"ancestorTitles":[],"fullName":"TC-IDEM-053/core/session=same_employee an ACK cannot cross a new employee-session generation","status":"passed","title":"TC-IDEM-053/core/session=same_employee an ACK cannot cross a new employee-session generation","duration":319.6166999999987,"failureMessages":[],"meta":{},"tags":[]}],"startTime":1789357753804,"endTime":1789357754123.6167,"status":"passed","message":"","name":"D:/Workspace/pos-cafe/src/app/writeSessionGeneration.test.tsx"},{"assertionResults":[{"ancestorTitles":["module guards"],"fullName":"module guards only exposes production-ready employee roles in the current UI","status":"passed","title":"only exposes production-ready employee roles in the current UI","duration":1.9816999999998188,"failureMessages":[],"meta":{},"tags":[]},{"ancestorTitles":["module guards"],"fullName":"module guards allows admin to access editor and report modules","status":"passed","title":"allows admin to access editor and report modules","duration":0.198500000000422,"failureMessages":[],"meta":{},"tags":[]},{"ancestorTitles":["module guards"],"fullName":"module guards keeps cashier limited to POS operation modules","status":"passed","title":"keeps cashier limited to POS operation modules","duration":0.12339999999994689,"failureMessages":[],"meta":{},"tags":[]},{"ancestorTitles":["module guards"],"fullName":"module guards throws AppError for forbidden access","status":"passed","title":"throws AppError for forbidden access","duration":0.27819999999974243,"failureMessages":[],"meta":{},"tags":[]},{"ancestorTitles":["action permissions"],"fullName":"action permissions uses the production default matrix for all enforced permissions","status":"passed","title":"uses the production default matrix for all enforced permissions","duration":0.26310000000012224,"failureMessages":[],"meta":{},"tags":[]},{"ancestorTitles":["action permissions"],"fullName":"action permissions grants a cashier order.voidPaid via overrides (same role, different rights)","status":"passed","title":"grants a cashier order.voidPaid via overrides (same role, different rights)","duration":0.11209999999982756,"failureMessages":[],"meta":{},"tags":[]},{"ancestorTitles":["action permissions"],"fullName":"action permissions lets denies win over a role default","status":"passed","title":"lets denies win over a role default","duration":0.07819999999992433,"failureMessages":[],"meta":{},"tags":[]},{"ancestorTitles":["action permissions"],"fullName":"action permissions denies inactive employees and null","status":"passed","title":"denies inactive employees and null","duration":0.11040000000002692,"failureMessages":[],"meta":{},"tags":[]},{"ancestorTitles":["action permissions"],"fullName":"action permissions requirePermission throws FORBIDDEN when lacking the permission","status":"passed","title":"requirePermission throws FORBIDDEN when lacking the permission","duration":0.19510000000036598,"failureMessages":[],"meta":{},"tags":[]}],"startTime":1789357749292,"endTime":1789357749296.2632,"status":"passed","message":"","name":"D:/Workspace/pos-cafe/src/core/guards.test.ts"},{"assertionResults":[{"ancestorTitles":["WritePayloadV1 strict schema"],"fullName":"WritePayloadV1 strict schema TC-IDEM-074/core/field=common.schemaVersion/variant=missing","status":"passed","title":"TC-IDEM-074/core/field=common.schemaVersion/variant=missing","duration":2.913300000000163,"failureMessages":[],"meta":{},"tags":[]},{"ancestorTitles":["WritePayloadV1 strict schema"],"fullName":"WritePayloadV1 strict schema TC-IDEM-074/core/field=common.schemaVersion/variant=null","status":"passed","title":"TC-IDEM-074/core/field=common.schemaVersion/variant=null","duration":0.23630000000002838,"failureMessages":[],"meta":{},"tags":[]},{"ancestorTitles":["WritePayloadV1 strict schema"],"fullName":"WritePayloadV1 strict schema TC-IDEM-074/core/field=common.schemaVersion/variant=wrong_type","status":"passed","title":"TC-IDEM-074/core/field=common.schemaVersion/variant=wrong_type","duration":0.10850000000004911,"failureMessages":[],"meta":{},"tags":[]},{"ancestorTitles":["WritePayloadV1 strict schema"],"fullName":"WritePayloadV1 strict schema TC-IDEM-074/core/field=common.schemaVersion/variant=positive","status":"passed","title":"TC-IDEM-074/core/field=common.schemaVersion/variant=positive","duration":1.312900000000127,"failureMessages":[],"meta":{},"tags":[]},{"ancestorTitles":["WritePayloadV1 strict schema"],"fullName":"WritePayloadV1 strict schema TC-IDEM-074/core/field=common.kind/variant=missing","status":"passed","title":"TC-IDEM-074/core/field=common.kind/variant=missing","duration":0.14960000000019136,"failureMessages":[],"meta":{},"tags":[]},{"ancestorTitles":["WritePayloadV1 strict schema"],"fullName":"WritePayloadV1 strict schema TC-IDEM-074/core/field=common.kind/variant=null","status":"passed","title":"TC-IDEM-074/core/field=common.kind/variant=null","duration":0.12010000000009313,"failureMessages":[],"meta":{},"tags":[]},{"ancestorTitles":["WritePayloadV1 strict schema"],"fullName":"WritePayloadV1 strict schema TC-IDEM-074/core/field=common.kind/variant=wrong_type","status":"passed","title":"TC-IDEM-074/core/field=common.kind/variant=wrong_type","duration":0.09449999999992542,"failureMessages":[],"meta":{},"tags":[]},{"ancestorTitles":["WritePayloadV1 strict schema"],"fullName":"WritePayloadV1 strict schema TC-IDEM-074/core/field=common.kind/variant=positive","status":"passed","title":"TC-IDEM-074/core/field=common.kind/variant=positive","duration":0.17699999999990723,"failureMessages":[],"meta":{},"tags":[]},{"ancestorTitles":["WritePayloadV1 strict schema"],"fullName":"WritePayloadV1 strict schema TC-IDEM-074/core/field=submit.action/variant=missing","status":"passed","title":"TC-IDEM-074/core/field=submit.action/variant=missing","duration":0.1471000000001368,"failureMessages":[],"meta":{},"tags":[]},{"ancestorTitles":["WritePayloadV1 strict schema"],"fullName":"WritePayloadV1 strict schema TC-IDEM-074/core/field=submit.action/variant=null","status":"passed","title":"TC-IDEM-074/core/field=submit.action/variant=null","duration":0.09519999999997708,"failureMessages":[],"meta":{},"tags":[]},{"ancestorTitles":["WritePayloadV1 strict schema"],"fullName":"WritePayloadV1 strict schema TC-IDEM-074/core/field=submit.action/variant=wrong_type","status":"passed","title":"TC-IDEM-074/core/field=submit.action/variant=wrong_type","duration":0.09420000000000073,"failureMessages":[],"meta":{},"tags":[]},{"ancestorTitles":["WritePayloadV1 strict schema"],"fullName":"WritePayloadV1 strict schema TC-IDEM-074/core/field=submit.action/variant=positive","status":"passed","title":"TC-IDEM-074/core/field=submit.action/variant=positive","duration":0.1915000000001328,"failureMessages":[],"meta":{},"tags":[]},{"ancestorTitles":["WritePayloadV1 strict schema"],"fullName":"WritePayloadV1 strict schema TC-IDEM-074/core/field=submit.orderId/variant=missing","status":"passed","title":"TC-IDEM-074/core/field=submit.orderId/variant=missing","duration":0.13440000000014152,"failureMessages":[],"meta":{},"tags":[]},{"ancestorTitles":["WritePayloadV1 strict schema"],"fullName":"WritePayloadV1 strict schema TC-IDEM-074/core/field=submit.orderId/variant=null","status":"passed","title":"TC-IDEM-074/core/field=submit.orderId/variant=null","duration":0.16509999999993852,"failureMessages":[],"meta":{},"tags":[]},{"ancestorTitles":["WritePayloadV1 strict schema"],"fullName":"WritePayloadV1 strict schema TC-IDEM-074/core/field=submit.orderId/variant=wrong_type","status":"passed","title":"TC-IDEM-074/core/field=submit.orderId/variant=wrong_type","duration":0.10200000000008913,"failureMessages":[],"meta":{},"tags":[]},{"ancestorTitles":["WritePayloadV1 strict schema"],"fullName":"WritePayloadV1 strict schema TC-IDEM-074/core/field=submit.orderId/variant=positive","status":"passed","title":"TC-IDEM-074/core/field=submit.orderId/variant=positive","duration":0.1793999999999869,"failureMessages":[],"meta":{},"tags":[]},{"ancestorTitles":["WritePayloadV1 strict schema"],"fullName":"WritePayloadV1 strict schema TC-IDEM-074/core/field=create.expectedVersion/variant=missing","status":"passed","title":"TC-IDEM-074/core/field=create.expectedVersion/variant=missing","duration":0.10180000000013933,"failureMessages":[],"meta":{},"tags":[]},{"ancestorTitles":["WritePayloadV1 strict schema"],"fullName":"WritePayloadV1 strict schema TC-IDEM-074/core/field=create.expectedVersion/variant=null","status":"passed","title":"TC-IDEM-074/core/field=create.expectedVersion/variant=null","duration":0.1789000000001124,"failureMessages":[],"meta":{},"tags":[]},{"ancestorTitles":["WritePayloadV1 strict schema"],"fullName":"WritePayloadV1 strict schema TC-IDEM-074/core/field=create.expectedVersion/variant=wrong_type","status":"passed","title":"TC-IDEM-074/core/field=create.expectedVersion/variant=wrong_type","duration":0.10539999999991778,"failureMessages":[],"meta":{},"tags":[]},{"ancestorTitles":["WritePayloadV1 strict schema"],"fullName":"WritePayloadV1 strict schema TC-IDEM-074/core/field=create.expectedVersion/variant=positive","status":"passed","title":"TC-IDEM-074/core/field=create.expectedVersion/variant=positive","duration":0.1510000000000673,"failureMessages":[],"meta":{},"tags":[]},{"ancestorTitles":["WritePayloadV1 strict schema"],"fullName":"WritePayloadV1 strict schema TC-IDEM-074/core/field=create.orderType/variant=missing","status":"passed","title":"TC-IDEM-074/core/field=create.orderType/variant=missing","duration":0.11999999999989086,"failureMessages":[],"meta":{},"tags":[]},{"ancestorTitles":["WritePayloadV1 strict schema"],"fullName":"WritePayloadV1 strict schema TC-IDEM-074/core/field=create.orderType/variant=null","status":"passed","title":"TC-IDEM-074/core/field=create.orderType/variant=null","duration":0.10950000000002547,"failureMessages":[],"meta":{},"tags":[]},{"ancestorTitles":["WritePayloadV1 strict schema"],"fullName":"WritePayloadV1 strict schema TC-IDEM-074/core/field=create.orderType/variant=wrong_type","status":"passed","title":"TC-IDEM-074/core/field=create.orderType/variant=wrong_type","duration":0.1044000000001688,"failureMessages":[],"meta":{},"tags":[]},{"ancestorTitles":["WritePayloadV1 strict schema"],"fullName":"WritePayloadV1 strict schema TC-IDEM-074/core/field=create.orderType/variant=positive","status":"passed","title":"TC-IDEM-074/core/field=create.orderType/variant=positive","duration":0.17300000000000182,"failureMessages":[],"meta":{},"tags":[]},{"ancestorTitles":["WritePayloadV1 strict schema"],"fullName":"WritePayloadV1 strict schema TC-IDEM-074/core/field=create.tableId/variant=missing","status":"passed","title":"TC-IDEM-074/core/field=create.tableId/variant=missing","duration":0.125,"failureMessages":[],"meta":{},"tags":[]},{"ancestorTitles":["WritePayloadV1 strict schema"],"fullName":"WritePayloadV1 strict schema TC-IDEM-074/core/field=create.tableId/variant=null","status":"passed","title":"TC-IDEM-074/core/field=create.tableId/variant=null","duration":0.1289999999999054,"failureMessages":[],"meta":{},"tags":[]},{"ancestorTitles":["WritePayloadV1 strict schema"],"fullName":"WritePayloadV1 strict schema TC-IDEM-074/core/field=create.tableId/variant=wrong_type","status":"passed","title":"TC-IDEM-074/core/field=create.tableId/variant=wrong_type","durat
[...]
ine":266,"column":83},"end":{"line":266,"column":96}},{"start":{"line":266,"column":96},"end":{"line":266,"column":106}}],"line":266},"44":{"loc":{"start":{"line":274,"column":2},"end":{"line":274,"column":null}},"type":"if","locations":[{"start":{"line":274,"column":2},"end":{"line":274,"column":null}},{"start":{},"end":{}}],"line":274},"45":{"loc":{"start":{"line":275,"column":2},"end":{"line":275,"column":null}},"type":"if","locations":[{"start":{"line":275,"column":2},"end":{"line":275,"column":null}},{"start":{},"end":{}}],"line":275},"46":{"loc":{"start":{"line":277,"column":15},"end":{"line":277,"column":52}},"type":"binary-expr","locations":[{"start":{"line":277,"column":15},"end":{"line":277,"column":34}},{"start":{"line":277,"column":34},"end":{"line":277,"column":52}}],"line":277},"47":{"loc":{"start":{"line":279,"column":2},"end":{"line":279,"column":null}},"type":"if","locations":[{"start":{"line":279,"column":2},"end":{"line":279,"column":null}},{"start":{},"end":{}}],"line":279},"48":{"loc":{"start":{"line":305,"column":24},"end":{"line":305,"column":109}},"type":"cond-expr","locations":[{"start":{"line":305,"column":46},"end":{"line":305,"column":91}},{"start":{"line":305,"column":91},"end":{"line":305,"column":109}}],"line":305},"49":{"loc":{"start":{"line":307,"column":10},"end":{"line":307,"column":null}},"type":"binary-expr","locations":[{"start":{"line":307,"column":10},"end":{"line":307,"column":23}},{"start":{"line":307,"column":23},"end":{"line":307,"column":null}}],"line":307},"50":{"loc":{"start":{"line":320,"column":30},"end":{"line":320,"column":64}},"type":"binary-expr","locations":[{"start":{"line":320,"column":30},"end":{"line":320,"column":61}},{"start":{"line":320,"column":61},"end":{"line":320,"column":64}}],"line":320},"51":{"loc":{"start":{"line":321,"column":4},"end":{"line":321,"column":null}},"type":"if","locations":[{"start":{"line":321,"column":4},"end":{"line":321,"column":null}},{"start":{},"end":{}}],"line":321},"52":{"loc":{"start":{"line":327,"column":37},"end":{"line":327,"column":73}},"type":"binary-expr","locations":[{"start":{"line":327,"column":37},"end":{"line":327,"column":68}},{"start":{"line":327,"column":68},"end":{"line":327,"column":73}}],"line":327},"53":{"loc":{"start":{"line":331,"column":2},"end":{"line":331,"column":null}},"type":"binary-expr","locations":[{"start":{"line":331,"column":2},"end":{"line":331,"column":22}},{"start":{"line":331,"column":22},"end":{"line":331,"column":null}}],"line":331},"54":{"loc":{"start":{"line":331,"column":45},"end":{"line":331,"column":83}},"type":"binary-expr","locations":[{"start":{"line":331,"column":45},"end":{"line":331,"column":76}},{"start":{"line":331,"column":76},"end":{"line":331,"column":83}}],"line":331},"55":{"loc":{"start":{"line":359,"column":2},"end":{"line":360,"column":null}},"type":"if","locations":[{"start":{"line":359,"column":2},"end":{"line":360,"column":null}},{"start":{},"end":{}}],"line":359},"56":{"loc":{"start":{"line":359,"column":57},"end":{"line":359,"column":177}},"type":"binary-expr","locations":[{"start":{"line":359,"column":57},"end":{"line":359,"column":88}},{"start":{"line":359,"column":88},"end":{"line":359,"column":104}},{"start":{"line":359,"column":104},"end":{"line":359,"column":177}}],"line":359},"57":{"loc":{"start":{"line":359,"column":116},"end":{"line":359,"column":177}},"type":"binary-expr","locations":[{"start":{"line":359,"column":116},"end":{"line":359,"column":175}},{"start":{"line":359,"column":175},"end":{"line":359,"column":177}}],"line":359},"58":{"loc":{"start":{"line":363,"column":2},"end":{"line":365,"column":null}},"type":"if","locations":[{"start":{"line":363,"column":2},"end":{"line":365,"column":null}},{"start":{},"end":{}}],"line":363},"59":{"loc":{"start":{"line":363,"column":6},"end":{"line":363,"column":58}},"type":"binary-expr","locations":[{"start":{"line":363,"column":6},"end":{"line":363,"column":21}},{"start":{"line":363,"column":21},"end":{"line":363,"column":58}}],"line":363},"60":{"loc":{"start":{"line":367,"column":2},"end":{"line":376,"column":null}},"type":"if","locations":[{"start":{"line":367,"column":2},"end":{"line":376,"column":null}},{"start":{},"end":{}}],"line":367},"61":{"loc":{"start":{"line":378,"column":2},"end":{"line":380,"column":null}},"type":"if","locations":[{"start":{"line":378,"column":2},"end":{"line":380,"column":null}},{"start":{},"end":{}}],"line":378},"62":{"loc":{"start":{"line":389,"column":15},"end":{"line":389,"column":52}},"type":"binary-expr","locations":[{"start":{"line":389,"column":15},"end":{"line":389,"column":34}},{"start":{"line":389,"column":34},"end":{"line":389,"column":52}}],"line":389},"63":{"loc":{"start":{"line":392,"column":2},"end":{"line":392,"column":null}},"type":"if","locations":[{"start":{"line":392,"column":2},"end":{"line":392,"column":null}},{"start":{},"end":{}}],"line":392},"64":{"loc":{"start":{"line":418,"column":2},"end":{"line":418,"column":null}},"type":"if","locations":[{"start":{"line":418,"column":2},"end":{"line":418,"column":null}},{"start":{},"end":{}}],"line":418},"65":{"loc":{"start":{"line":418,"column":6},"end":{"line":418,"column":72}},"type":"binary-expr","locations":[{"start":{"line":418,"column":6},"end":{"line":418,"column":34}},{"start":{"line":418,"column":34},"end":{"line":418,"column":72}}],"line":418},"66":{"loc":{"start":{"line":419,"column":16},"end":{"line":419,"column":40}},"type":"binary-expr","locations":[{"start":{"line":419,"column":16},"end":{"line":419,"column":36}},{"start":{"line":419,"column":36},"end":{"line":419,"column":40}}],"line":419},"67":{"loc":{"start":{"line":420,"column":2},"end":{"line":422,"column":null}},"type":"if","locations":[{"start":{"line":420,"column":2},"end":{"line":422,"column":null}},{"start":{},"end":{}}],"line":420},"68":{"loc":{"start":{"line":420,"column":6},"end":{"line":420,"column":45}},"type":"binary-expr","locations":[{"start":{"line":420,"column":6},"end":{"line":420,"column":38}},{"start":{"line":420,"column":38},"end":{"line":420,"column":45}}],"line":420},"69":{"loc":{"start":{"line":425,"column":84},"end":{"line":425,"column":97}},"type":"binary-expr","locations":[{"start":{"line":425,"column":84},"end":{"line":425,"column":92}},{"start":{"line":425,"column":92},"end":{"line":425,"column":97}}],"line":425},"70":{"loc":{"start":{"line":427,"column":2},"end":{"line":427,"column":null}},"type":"if","locations":[{"start":{"line":427,"column":2},"end":{"line":427,"column":null}},{"start":{},"end":{}}],"line":427}},"s":{"0":25,"1":188,"2":185,"3":3,"4":1,"5":25,"6":93,"7":25,"8":48,"9":24,"10":25,"11":24,"12":25,"13":62,"14":47,"15":46,"16":105,"17":46,"18":7,"19":24,"20":46,"21":7,"22":46,"23":46,"24":7,"25":7,"26":25,"27":170,"28":86,"29":25,"30":18,"31":14,"32":18,"33":20,"34":26,"35":25,"36":22,"37":3,"38":25,"39":22,"40":42,"41":3,"42":8,"43":14,"44":8,"45":8,"46":58,"47":7,"48":25,"49":21,"50":21,"51":11,"52":0,"53":0,"54":21,"55":1,"56":1,"57":20,"58":25,"59":8,"60":8,"61":8,"62":6,"63":6,"64":6,"65":0,"66":6,"67":6,"68":5,"69":6,"70":5,"71":4,"72":1,"73":4,"74":6,"75":6,"76":6,"77":9,"78":6,"79":2,"80":3,"81":2,"82":2,"83":2,"84":25,"85":18,"86":42,"87":20,"88":42,"89":25,"90":178,"91":169,"92":85,"93":9,"94":25,"95":174,"96":1,"97":173,"98":25,"99":15,"100":15,"101":15,"102":0,"103":25,"104":17,"105":33,"106":22,"107":25,"108":19,"109":19,"110":19,"111":19,"112":15,"113":1,"114":0,"115":1,"116":0,"117":0,"118":0,"119":16,"120":4,"121":4,"122":0,"123":4,"124":4,"125":25,"126":20,"127":20,"128":1,"129":18,"130":1,"131":17,"132":8,"133":8,"134":0,"135":8,"136":25,"137":94,"138":272,"139":176,"140":176,"141":25,"142":27,"143":81,"144":25,"145":3,"146":3,"147":9,"148":9,"149":1,"150":3,"151":25,"152":264,"153":698,"154":25,"155":260,"156":435,"157":25,"158":34,"159":34,"160":34,"161":34,"162":59,"163":101,"164":0,"165":33,"166":33,"167":4,"168":29,"169":14,"170":5,"171":15,"172":2,"173":13,"174":15,"175":13,"176":5,"177":5,"178":0,"179":5,"180":25,"181":25,"182":25,"183":0,"184":24,"185":25,"186":5,"187":19,"188":10,"189":10,"190":0,"191":8},"f":{"0":188,"1":1,"2":93,"3":48,"4":24,"5":24,"6":62,"7":47,"8":46,"9":105,"10":7,"11":24,"12":7,"13":7,"14":170,"15":86,"16":18,"17":14,"18":20,"19":26,"20":22,"21":3,"22":22,"23":42,"24":3,"25":8,"26":14,"27":8,"28":8,"29":58,"30":7,"31":21,"32":11,"33":0,"34":0,"35":1,"36":8,"37":8,"38":6,"39":5,"40":6,"41":4,"42":6,"43":9,"44":2,"45":2,"46":18,"47":42,"48":20,"49":42,"50":178,"51":85,"52":174,"53":15,"54":15,"55":15,"56":0,"57":17,"58":33,"59":22,"60":19,"61":0,"62":0,"63":0,"64":20,"65":94,"66":272,"67":176,"68":176,"69":27,"70":81,"71":3,"72":264,"73":698,"74":260,"75":435,"76":34,"77":59,"78":101,"79":15,"80":25},"b":{"0":[185,3],"1":[1,2],"2":[48,15],"3":[7,2,0],"4":[46,5,0],"5":[46,9,1],"6":[7,3,1],"7":[1,6],"8":[4,14],"9":[20,18],"10":[21],"11":[11,2,2,2,1,1],"12":[1,20],"13":[21,1],"14":[1,0],"15":[6,2],"16":[8,7],"17":[0,6],"18":[1,4],"19":[5,5],"20":[2,4],"21":[6,1,5,5],"22":[2,0],"23":[2,2],"24":[42,12],"25":[169,9],"26":[1,173],"27":[174,5],"28":[2,171],"29":[173,4],"30":[15,15],"31":[15,15],"32":[15,2,0],"33":[0,0,0],"34":[3,19],"35":[23,10],"36":[19,15],"37":[15,1],"38":[1,0],"39":[0,0],"40":[0,4],"41":[1,3],"42":[3,1],"43":[2,1],"44":[1,19],"45":[1,17],"46":[17,14],"47":[0,8],"48":[0,176],"49":[272,88],"50":[9,7],"51":[1,8],"52":[698,316],"53":[260,232],"54":[435,57],"55":[0,34],"56":[59,59,59],"57":[59,0],"58":[4,29],"59":[33,29],"60":[14,15],"61":[2,13],"62":[13,12],"63":[0,5],"64":[0,25],"65":[25,21],"66":[24,3],"67":[5,20],"68":[25,6],"69":[19,18],"70":[0,10]},"meta":{"lastBranch":71,"lastFunction":81,"lastStatement":192,"seen":{"s:63:13:69:Infinity":0,"f:63:13:63:Infinity":0,"b:67:2:67:Infinity:undefined:undefined:undefined:undefined":0,"s:67:2:67:Infinity":1,"s:67:31:67:Infinity":2,"s:68:2:68:Infinity":3,"b:68:51:68:68:68:68:68:Infinity":1,"f:68:15:68:21":1,"s:68:30:68:47":4,"s:71:6:71:Infinity":5,"f:71:6:71:37":2,"s:71:37:71:Infinity":6,"s:73:13:89:Infinity":7,"f:73:13:73:32":3,"s:73:83:89:Infinity":8,"b:81:8:81:21:81:21:81:Infinity":2,"f:82:24:82:29":4,"s:82:41:88:4":9,"s:91:13:92:Infinity":10,"f:91:13:91:35":5,"s:92:2:92:Infinity":11,"s:94:13:122:Infinity":12,"f:94:13:94:31":6,"s:95:2:122:Infinity":13,"f:96:5:96:13":7,"s:96:23:96:41":14,"f:97:5:97:10":8,"s:98:23:98:Infinity":15,"f:98:38:98:44":9,"s:98:53:98:81":16,"s:99:22:102:Infinity":17,"f:99:36:99:41":10,"s:99:53:102:8":18,"f:101:33:101:39":11,"s:101:53:101:90":19,"s:103:26:106:Infinity":20,"f:103:34:103:Infinity":12,"s:104:25:104:Infinity":21,"b:104:32:104:66:104:66:104:94:104:94:104:99":3,"s:107:24:107:Infinity":22,"b:107:24:107:49:107:49:107:68:107:68:107:Infinity":4,"s:109:6:121:Infinity":23,"b:111:14:111:36:111:36:111:54:111:54:111:Infinity":5,"f:114:11:114:16":13,"s:115:25:115:Infinity":24,"b:115:25:115:55:115:55:115:77:115:77:115:Infinity":6,"s:116:12:116:Infinity":25,"b:116:48:116:87:116:87:116:Infinity":7,"s:124:13:125:Infinity":26,"f:124:13:124:35":14,"s:125:2:125:Infinity":27,"f:125:12:125:20":15,"s:125:34:125:52":28,"s:132:13:142:Infinity":29,"f:132:13:132:Infinity":16,"s:137:19:137:Infinity":30,"b:137:27:137:77:137:77:137:Infinity":8,"f:137:38:137:46":17,"s:137:55:137:73":31,"s:138:2:141:Infinity":32,"f:138:40:138:45":18,"s:138:55:141:4":33,"b:140:31:140:85:140:85:140:87":9,"f:140:40:140:46":19,"s:140:55:140:74":34,"s:144:6:145:Infinity":35,"f:144:6:144:25":20,"s:145:2:145:Infinity":36,"f:145:10:145:15":21,"s:145:26:145:70":37,"s:156:13:167:Infinity":38,"f:156:13:156:38":22,"s:157:2:167:Infinity":39,"f:158:5:158:13":23,"s:158:22:158:52":40,"f:159:5:159:11":24,"s:159:20:159:45":41,"f:160:5:160:10":25,"s:160:19:160:85":42,"f:160:37:160:43":26,"s:160:53:160:84":43,"f:161:5:161:13":27,"s:161:45:161:52":44,"f:162:5:162:10":28,"s:162:21:167:6":45,"f:165:9:165:17":29,"s:165:27:165:59":46,"f:166:9:166:15":30,"s:166:24:166:49":47,"s:169:13:181:Infinity":48,"f:169:13:169:Infinity":31,"b:172:38:172:Infinity":10,"s:174:20:174:Infinity":49,"s:175:19:177:Infinity":50,"f:175:30:175:36":32,"s:175:45:177:154":51,"b:175:45:175:67:175:67:175:Infinity:176:7:176:21:176:21:176:64:176:64:176:Infinity:177:7:177:154":11,"f:177:20:177:27":33,"s:177:38:177:153":52,"f:177:74:177:80":34,"s:177:90:177:134":53,"b:178:2:178:Infinity:undefined:undefined:undefined:undefined":12,"s:178:2:178:Infinity":54,"b:178:6:178:18:178:18:178:43":13,"s:178:43:178:Infinity":55,"f:178:61:178:66":35,"s:178:75:178:148":56,"b:178:101:178:144:178:144:178:148":14,"s:179:2:180:Infinity":57,"s:183:13:204:Infinity":58,"f:183:13:183:Infinity":36,"s:186:17:186:Infinity":59,"f:186:28:186:34":37,"s:186:43:186:66":60,"b:187:2:201:Infinity:undefined:undefined:undefined:undefined":15,"s:187:2:201:Infinity":61,"b:187:6:187:30:187:30:187:41":16,"s:188:20:188:Infinity":62,"f:188:36:188:42":38,"s:188:51:188:80":63,"b:189:4:189:Infinity:undefined:undefined:undefined:undefined":17,"s:189:4:189:Infinity":64,"s:189:31:189:Infinity":65,"s:190:19:190:Infinity":66,"s:191:20:195:Infinity":67,"f:191:35:191:40":39,"s:192:20:192:Infinity":68,"f:192:39:192:45":40,"s:192:59:192:96":69,"b:193:6:193:Infinity:undefined:undefined:undefined:undefined":18,"s:193:6:193:Infinity":70,"b:193:10:193:20:193:20:193:81":19,"f:193:28:193:34":41,"s:193:46:193:78":71,"s:193:81:193:Infinity":72,"s:194:6:194:Infinity":73,"s:196:4:199:Infinity":74,"s:197:20:197:Infinity":75,"f:197:28:197:35":42,"s:197:45:197:100":76,"f:197:52:197:57":43,"s:197:66:197:99":77,"b:198:6:198:Infinity:undefined:undefined:undefined:undefined":20,"s:198:6:198:Infinity":78,"b:198:11:198:31:198:31:198:48:198:48:198:81:198:81:198:93":21,"s:198:93:198:Infinity":79,"s:200:4:200:Infinity":80,"s:202:2:203:Infinity":81,"f:202:20:202:25":44,"s:202:34:202:139":82,"b:202:60:202:135:202:135:202:139":22,"f:203:5:203:13":45,"s:203:22:203:60":83,"b:203:22:203:43:203:43:203:60":23,"s:206:6:210:Infinity":84,"f:206:6:206:25":46,"s:206:69:210:Infinity":85,"f:206:75:206:80":47,"s:206:90:210:2":86,"b:208:8:208:21:208:21:208:27":24,"f:209:24:209:29":48,"s:209:40:209:124":87,"f:210:4:210:9":49,"s:210:18:210:38":88,"s:212:13:221:Infinity":89,"f:212:13:212:Infinity":50,"b:216:2:218:Infinity:undefined:undefined:undefined:undefined":25,"s:216:2:218:Infinity":90,"s:217:4:217:Infinity":91,"f:217:22:217:28":51,"s:217:37:217:54":92,"s:220:2:220:Infinity":93,"s:223:13:232:Infinity":94,"f:223:13:223:Infinity":52,"b:227:2:229:Infinity:undefined:undefined:undefined:undefined":26,"s:227:2:229:Infinity":95,"b:227:6:227:15:227:15:227:40":27,"s:228:4:228:Infinity":96,"s:231:2:231:Infinity":97,"b:231:64:231:76:231:76:231:Infinity":28,"b:231:9:231:18:231:18:231:64":29,"s:234:6:239:Infinity":98,"f:234:6:234:27":53,"s:234:92:239:Infinity":99,"f:234:98:234:106":54,"s:234:115:234:154":100,"b:234:115:234:137:234:137:234:154":30,"f:234:156:234:161":55,"s:234:171:239:2":101,"b:235:75:235:88:235:88:235:Infinity":31,"b:236:19:236:43:236:43:236:123:236:123:236:Infinity":32,"f:237:24:237:29":56,"s:237:41:238:155":102,"b:238:22:238:49:238:49:238:142:238:142:238:153":33,"s:241:13:246:Infinity":103,"f:241:13:241:31":57,"s:241:98:246:Infinity":104,"f:244:24:244:29":58,"s:244:39:245:173":105,"f:245:30:245:35":59,"s:245:46:245:119":106,"b:245:68:245:108:245:108:245:119":34,"b:245:138:245:166:245:166:245:169":35,"s:248:35:268:Infinity":107,"f:248:35:248:Infinity":60,"s:251:2:251:Infinity":108,"s:252:18:252:Infinity":109,"b:252:18:252:43:252:43:252:Infinity":36,"s:253:15:253:Infinity":110,"b:255:2:260:Infinity:257:7:260:Infinity":37,"s:255:2:260:Infinity":111,"s:255:30:256:Infinity":112,"b:257:7:260:Infinity:258:7:260:Infinity":38,"s:257:7:260:Infinity":113,"f:257:24:257:30":61,"s:257:39:257:56":114,"s:257:59:257:Infinity":115,"s:258:7:260:Infinity":116,"f:259:31:259:39":62,"s:259:48:259:65":117,"f:259:67:259:72":63,"s:259:82:259:169":118,"b:259:149:259:162:259:162:259:167":39,"s:261:33:261:Infinity":119,"s:262:8:262:Infinity":120,"b:263:2:263:Infinity:undefined:undefined:undefined:undefined":40,"s:263:2:263:Infinity":121,"s:263:46:263:Infinity":122,"s:264:16:264:Infinity":123,"s:265:2:267:Infinity":124,"b:265:113:265:122:265:122:265:Infinity":41,"b:266:57:266:106:266:106:266:Infinity":42,"b:266:83:266:96:266:96:266:106":43,"s:270:32:283:Infinity":125,"f:270:32:270:Infinity":64,"s:273:2:273:Infinity":126,"b:274:2:274:Infinity:undefined:undefined:undefined:undefined":44,"s:274:2:274:Infinity":127,"s:274:30:274:Infinity":128,"b:275:2:275:Infinity:undefined:undefined:undefined:undefined":45,"s:275:2:275:Infinity":129,"s:275:48:275:Infinity":130,"s:276:33:277:Infinity":131,"b:277:15:277:34:277:34:277:52":46,"s:278:8:278:Infinity":132,"b:279:2:279:Infinity:undefined:undefined:undefined:undefined":47,"s:279:2:279:Infinity":133,"s:279:35:279:Infinity":134,"s:280:2:282:Infinity":135,"s:300:13:310:Infinity":136,"f:300:13:300:34":65,"s:301:2:310:Infinity":137,"f:301:14:301:19":66,"s:301:29:310:4":138,"f:305:7:305:12":67,"s:305:24:305:109":139,"b:305:46:305:91:305:91:305:109":48,"b:307:10:307:23:307:23:307:Infinity":49,"f:309:45:309:53":68,"s:309:69:309:112":140,"s:313:13:314:Infinity":141,"f:313:13:313:30":69,"s:314:2:314:Infinity":142,"f:314:27:314:32":70,"s:314:41:314:74":143,"s:317:13:324:Infinity":144,"f:317:13:317:31":71,"s:318:36:318:Infinity":145,"s:319:2:322:Infinity":146,"s:320:21:320:Infinity":147,"b:320:30:320:61:320:61:320:64":50,"b:321:4:321:Infinity:undefined:undefined:undefined:undefined":51,"s:321:4:321:Infinity":148,"s:321:22:321:Infinity":149,"s:323:2:323:Infinity":150,"s:326:13:327:Infinity":151,"f:326:13:326:32":72,"s:327:2:327:Infinity":152,"f:327:8:327:16":73,"s:327:30:327:89":153,"b:327:37:327:68:327:68:327:73":52,"s:330:13:331:Infinity":154,"f:330:13:330:32":74,"s:331:2:331:Infinity":155,"b:331:2:331:22:331:22:331:Infinity":53,"f:331:28:331:35":75,"s:331:35:331:96":156,"b:331:45:331:76:331:76:331:83":54,"s:351:37:397:Infinity":157,"f:351:37:351:Infinity":76,"s:355:2:355:Infinity":158,"s:357:16:357:Infinity":159,"s:358:20:358:Infinity":160,"b:359:2:360:Infinity:undefined:undefined:undefined:undefined":55,"s:359:2:360:Infinity":161,"f:359:32:359:38":77,"s:359:57:359:177":162,"b:359:57:359:88:359:88:359:104:359:104:359:177":56,"b:359:116:359:175:359:175:359:177":57,"f:359:122:359:128":78,"s:359:137:359:160":163,"s:360:4:360:Infinity":164,"s:361:17:361:Infinity":165,"b:363:2:365:Infinity:undefined:undefined:undefined:undefined":58,"s:363:2:365:Infinity":166,"b:363:6:363:21:363:21:363:58":59,"s:364:4:364:Infinity":167,"b:367:2:376:Infinity:undefined:undefined:undefined:undefined":60,"s:367:2:376:Infinity":168,"s:368:19:374:Infinity":169,"s:375:4:375:Infinity":170,"b:378:2:380:Infinity:undefined:undefined:undefined:undefined":61,"s:378:2:380:Infinity":171,"s:379:4:379:Infinity":172,"s:382:36:386:Infinity":173,"f:382:62:382:67":79,"s:382:96:386:4":174,"s:388:33:390:Infinity":175,"b:389:15:389:34:389:34:389:52":62,"s:391:8:391:Infinity":176,"b:392:2:392:Infinity:undefined:undefined:undefined:undefined":63,"s:392:2:392:Infinity":177,"s:392:41:392:Infinity":178,"s:393:2:396:Infinity":179,"s:412:29:429:Infinity":180,"f:412:29:412:Infinity":80,"s:416:2:416:Infinity":181,"b:418:2:418:Infinity:undefined:undefined:undefined:undefined":64,"s:418:2:418:Infinity":182,"b:418:6:418:34:418:34:418:72":65,"s:418:72:418:Infinity":183,"s:419:8:419:Infinity":184,"b:419:16:419:36:419:36:419:40":66,"b:420:2:422:Infinity:undefined:undefined:undefined:undefined":67,"s:420:2:422:Infinity":185,"b:420:6:420:38:420:38:420:45":68,"s:421:4:421:Infinity":186,"s:424:24:425:Infinity":187,"b:425:84:425:92:425:92:425:97":69,"s:426:8:426:Infinity":188,"b:427:2:427:Infinity:undefined:undefined:undefined:undefined":70,"s:427:2:427:Infinity":189,"s:427:36:427:Infinity":190,"s:428:2:428:Infinity":191},"fnNames":{}}},"D:\\Workspace\\pos-cafe\\src\\features\\admin\\menuDraft.ts":{"path":"D:\\Workspace\\pos-cafe\\src\\features\\admin\\menuDraft.ts","statementMap":{},"fnMap":{},"branchMap":{},"s":{},"f":{},"b":{},"meta":{"lastBranch":0,"lastFunction":0,"lastStatement":0,"seen":{},"fnNames":{}}}}}