{"total": {"lines":{"total":804,"covered":748,"skipped":0,"pct":93.03},"statements":{"total":1023,"covered":914,"skipped":0,"pct":89.34},"functions":{"total":264,"covered":251,"skipped":0,"pct":95.07},"branches":{"total":783,"covered":657,"skipped":0,"pct":83.9},"branchesTrue":{"total":0,"covered":0,"skipped":0,"pct":100}}
,"D:\\Workspace\\pos-cafe\\src\\core\\appError.ts": {"lines":{"total":5,"covered":5,"skipped":0,"pct":100},"functions":{"total":2,"covered":2,"skipped":0,"pct":100},"statements":{"total":6,"covered":6,"skipped":0,"pct":100},"branches":{"total":0,"covered":0,"skipped":0,"pct":100}}
,"D:\\Workspace\\pos-cafe\\src\\core\\guards.ts": {"lines":{"total":22,"covered":21,"skipped":0,"pct":95.45},"functions":{"total":5,"covered":5,"skipped":0,"pct":100},"statements":{"total":22,"covered":21,"skipped":0,"pct":95.45},"branches":{"total":16,"covered":14,"skipped":0,"pct":87.5}}
,"D:\\Workspace\\pos-cafe\\src\\core\\money.ts": {"lines":{"total":8,"covered":7,"skipped":0,"pct":87.5},"functions":{"total":3,"covered":3,"skipped":0,"pct":100},"statements":{"total":8,"covered":7,"skipped":0,"pct":87.5},"branches":{"total":2,"covered":1,"skipped":0,"pct":50}}
,"D:\\Workspace\\pos-cafe\\src\\core\\orderDraft.ts": {"lines":{"total":29,"covered":29,"skipped":0,"pct":100},"functions":{"total":16,"covered":16,"skipped":0,"pct":100},"statements":{"total":37,"covered":36,"skipped":0,"pct":97.29},"branches":{"total":27,"covered":25,"skipped":0,"pct":92.59}}
,"D:\\Workspace\\pos-cafe\\src\\core\\writeErrors.ts": {"lines":{"total":3,"covered":3,"skipped":0,"pct":100},"functions":{"total":2,"covered":2,"skipped":0,"pct":100},"statements":{"total":5,"covered":5,"skipped":0,"pct":100},"branches":{"total":2,"covered":2,"skipped":0,"pct":100}}
,"D:\\Workspace\\pos-cafe\\src\\core\\writePayload.ts": {"lines":{"total":74,"covered":74,"skipped":0,"pct":100},"functions":{"total":17,"covered":17,"skipped":0,"pct":100},"statements":{"total":103,"covered":103,"skipped":0,"pct":100},"branches":{"total":119,"covered":118,"skipped":0,"pct":99.15}}
,"D:\\Workspace\\pos-cafe\\src\\features\\admin\\adminFlow.ts": {"lines":{"total":37,"covered":32,"skipped":0,"pct":86.48},"functions":{"total":13,"covered":12,"skipped":0,"pct":92.3},"statements":{"total":39,"covered":34,"skipped":0,"pct":87.17},"branches":{"total":30,"covered":28,"skipped":0,"pct":93.33}}
,"D:\\Workspace\\pos-cafe\\src\\features\\admin\\adminInvalidation.ts": {"lines":{"total":10,"covered":10,"skipped":0,"pct":100},"functions":{"total":5,"covered":5,"skipped":0,"pct":100},"statements":{"total":10,"covered":10,"skipped":0,"pct":100},"branches":{"total":0,"covered":0,"skipped":0,"pct":100}}
,"D:\\Workspace\\pos-cafe\\src\\features\\admin\\adminQueryKeys.ts": {"lines":{"total":1,"covered":1,"skipped":0,"pct":100},"functions":{"total":0,"covered":0,"skipped":0,"pct":100},"statements":{"total":1,"covered":1,"skipped":0,"pct":100},"branches":{"total":0,"covered":0,"skipped":0,"pct":100}}
,"D:\\Workspace\\pos-cafe\\src\\features\\admin\\draftUtils.ts": {"lines":{"total":15,"covered":13,"skipped":0,"pct":86.66},"functions":{"total":8,"covered":8,"skipped":0,"pct":100},"statements":{"total":21,"covered":19,"skipped":0,"pct":90.47},"branches":{"total":8,"covered":7,"skipped":0,"pct":87.5}}
,"D:\\Workspace\\pos-cafe\\src\\features\\admin\\employeeDrawerFlow.ts": {"lines":{"total":32,"covered":31,"skipped":0,"pct":96.87},"functions":{"total":12,"covered":12,"skipped":0,"pct":100},"statements":{"total":37,"covered":36,"skipped":0,"pct":97.29},"branches":{"total":37,"covered":36,"skipped":0,"pct":97.29}}
,"D:\\Workspace\\pos-cafe\\src\\features\\admin\\floorEditorDraft.ts": {"lines":{"total":77,"covered":66,"skipped":0,"pct":85.71},"functions":{"total":3,"covered":2,"skipped":0,"pct":66.66},"statements":{"total":104,"covered":80,"skipped":0,"pct":76.92},"branches":{"total":87,"covered":61,"skipped":0,"pct":70.11}}
,"D:\\Workspace\\pos-cafe\\src\\features\\admin\\menuDraft.ts": {"lines":{"total":0,"covered":0,"skipped":0,"pct":0},"functions":{"total":0,"covered":0,"skipped":0,"pct":0},"statements":{"total":0,"covered":0,"skipped":0,"pct":0},"branches":{"total":0,"covered":0,"skipped":0,"pct":0}}
,"D:\\Workspace\\pos-cafe\\src\\features\\admin\\menuEditorDraft.ts": {"lines":{"total":85,"covered":68,"skipped":0,"pct":80},"functions":{"total":1,"covered":1,"skipped":0,"pct":100},"statements":{"total":109,"covered":75,"skipped":0,"pct":68.8},"branches":{"total":90,"covered":58,"skipped":0,"pct":64.44}}
,"D:\\Workspace\\pos-cafe\\src\\features\\admin\\menuImageDraft.ts": {"lines":{"total":15,"covered":14,"skipped":0,"pct":93.33},"functions":{"total":3,"covered":3,"skipped":0,"pct":100},"statements":{"total":16,"covered":15,"skipped":0,"pct":93.75},"branches":{"total":6,"covered":5,"skipped":0,"pct":83.33}}
,"D:\\Workspace\\pos-cafe\\src\\features\\admin\\menuImageSaveDraft.ts": {"lines":{"total":18,"covered":16,"skipped":0,"pct":88.88},"functions":{"total":5,"covered":4,"skipped":0,"pct":80},"statements":{"total":22,"covered":18,"skipped":0,"pct":81.81},"branches":{"total":10,"covered":5,"skipped":0,"pct":50}}
,"D:\\Workspace\\pos-cafe\\src\\features\\admin\\menuItemOrderDraft.ts": {"lines":{"total":10,"covered":10,"skipped":0,"pct":100},"functions":{"total":5,"covered":5,"skipped":0,"pct":100},"statements":{"total":16,"covered":16,"skipped":0,"pct":100},"branches":{"total":15,"covered":15,"skipped":0,"pct":100}}
,"D:\\Workspace\\pos-cafe\\src\\features\\admin\\reportHelpers.ts": {"lines":{"total":19,"covered":18,"skipped":0,"pct":94.73},"functions":{"total":11,"covered":10,"skipped":0,"pct":90.9},"statements":{"total":21,"covered":20,"skipped":0,"pct":95.23},"branches":{"total":18,"covered":15,"skipped":0,"pct":83.33}}
,"D:\\Workspace\\pos-cafe\\src\\features\\integration\\dirtyFlow.ts": {"lines":{"total":10,"covered":10,"skipped":0,"pct":100},"functions":{"total":2,"covered":2,"skipped":0,"pct":100},"statements":{"total":10,"covered":10,"skipped":0,"pct":100},"branches":{"total":6,"covered":6,"skipped":0,"pct":100}}
,"D:\\Workspace\\pos-cafe\\src\\features\\integration\\realtimeInvalidation.ts": {"lines":{"total":12,"covered":12,"skipped":0,"pct":100},"functions":{"total":6,"covered":6,"skipped":0,"pct":100},"statements":{"total":12,"covered":12,"skipped":0,"pct":100},"branches":{"total":0,"covered":0,"skipped":0,"pct":100}}
,"D:\\Workspace\\pos-cafe\\src\\features\\integration\\uiError.ts": {"lines":{"total":10,"covered":10,"skipped":0,"pct":100},"functions":{"total":5,"covered":5,"skipped":0,"pct":100},"statements":{"total":13,"covered":13,"skipped":0,"pct":100},"branches":{"total":34,"covered":33,"skipped":0,"pct":97.05}}
,"D:\\Workspace\\pos-cafe\\src\\features\\pos\\historyHelpers.ts": {"lines":{"total":47,"covered":46,"skipped":0,"pct":97.87},"functions":{"total":17,"covered":17,"skipped":0,"pct":100},"statements":{"total":58,"covered":54,"skipped":0,"pct":93.1},"branches":{"total":39,"covered":31,"skipped":0,"pct":79.48}}
,"D:\\Workspace\\pos-cafe\\src\\features\\pos\\orderFlow.ts": {"lines":{"total":141,"covered":136,"skipped":0,"pct":96.45},"functions":{"total":81,"covered":75,"skipped":0,"pct":92.59},"statements":{"total":192,"covered":178,"skipped":0,"pct":92.7},"branches":{"total":154,"covered":134,"skipped":0,"pct":87.01}}
,"D:\\Workspace\\pos-cafe\\src\\features\\pos\\posInvalidation.ts": {"lines":{"total":7,"covered":5,"skipped":0,"pct":71.42},"functions":{"total":3,"covered":1,"skipped":0,"pct":33.33},"statements":{"total":7,"covered":5,"skipped":0,"pct":71.42},"branches":{"total":2,"covered":1,"skipped":0,"pct":50}}
,"D:\\Workspace\\pos-cafe\\src\\features\\pos\\writeOperationFlow.ts": {"lines":{"total":89,"covered":84,"skipped":0,"pct":94.38},"functions":{"total":29,"covered":29,"skipped":0,"pct":100},"statements":{"total":125,"covered":113,"skipped":0,"pct":90.4},"branches":{"total":71,"covered":54,"skipped":0,"pct":76.05}}
,"D:\\Workspace\\pos-cafe\\src\\features\\session\\sessionFlow.ts": {"lines":{"total":24,"covered":23,"skipped":0,"pct":95.83},"functions":{"total":7,"covered":6,"skipped":0,"pct":85.71},"statements":{"total":25,"covered":23,"skipped":0,"pct":92},"branches":{"total":8,"covered":6,"skipped":0,"pct":75}}
,"D:\\Workspace\\pos-cafe\\src\\features\\shared\\queryKeys.ts": {"lines":{"total":4,"covered":4,"skipped":0,"pct":100},"functions":{"total":3,"covered":3,"skipped":0,"pct":100},"statements":{"total":4,"covered":4,"skipped":0,"pct":100},"branches":{"total":2,"covered":2,"skipped":0,"pct":100}}
}
